INFO 2025-06-22 16:51:30,795 autoreload 33716 8676056832 Watching for file changes with StatReloader
INFO 2025-06-22 16:53:30,663 autoreload 33761 8676056832 Watching for file changes with StatReloader
INFO 2025-06-22 16:54:59,267 autoreload 33817 8676056832 Watching for file changes with StatReloader
INFO 2025-06-22 16:55:55,566 autoreload 33862 8676056832 Watching for file changes with StatReloader
WARNING 2025-06-22 16:57:48,263 log 33862 6135640064 Not Found: /api/accounts/login/
WARNING 2025-06-22 16:57:48,263 basehttp 33862 6135640064 "POST /api/accounts/login/ HTTP/1.1" 404 3224
WARNING 2025-06-22 16:57:53,164 log 33862 6135640064 Not Found: /api/accounts/login/
WARNING 2025-06-22 16:57:53,164 basehttp 33862 6135640064 "POST /api/accounts/login/ HTTP/1.1" 404 3224
ERROR 2025-06-22 16:57:59,347 log 33862 6152466432 Internal Server Error: /api/v1/auth/login/
Traceback (most recent call last):
  File "/Volumes/PSSD/情绪日记/backend/emotion_diary_env/lib/python3.13/site-packages/django/core/handlers/exception.py", line 55, in inner
    response = get_response(request)
  File "/Volumes/PSSD/情绪日记/backend/emotion_diary_env/lib/python3.13/site-packages/django/core/handlers/base.py", line 197, in _get_response
    response = wrapped_callback(request, *callback_args, **callback_kwargs)
  File "/Volumes/PSSD/情绪日记/backend/emotion_diary_env/lib/python3.13/site-packages/django/views/decorators/csrf.py", line 56, in wrapper_view
    return view_func(*args, **kwargs)
  File "/Volumes/PSSD/情绪日记/backend/emotion_diary_env/lib/python3.13/site-packages/django/views/generic/base.py", line 104, in view
    return self.dispatch(request, *args, **kwargs)
           ~~~~~~~~~~~~~^^^^^^^^^^^^^^^^^^^^^^^^^^
  File "/Volumes/PSSD/情绪日记/backend/emotion_diary_env/lib/python3.13/site-packages/rest_framework/views.py", line 509, in dispatch
    response = self.handle_exception(exc)
  File "/Volumes/PSSD/情绪日记/backend/emotion_diary_env/lib/python3.13/site-packages/rest_framework/views.py", line 469, in handle_exception
    self.raise_uncaught_exception(exc)
    ~~~~~~~~~~~~~~~~~~~~~~~~~~~~~^^^^^
  File "/Volumes/PSSD/情绪日记/backend/emotion_diary_env/lib/python3.13/site-packages/rest_framework/views.py", line 480, in raise_uncaught_exception
    raise exc
  File "/Volumes/PSSD/情绪日记/backend/emotion_diary_env/lib/python3.13/site-packages/rest_framework/views.py", line 506, in dispatch
    response = handler(request, *args, **kwargs)
  File "/Volumes/PSSD/情绪日记/backend/accounts/views.py", line 62, in post
    token, created = Token.objects.get_or_create(user=user)
                     ^^^^^^^^^^^^^
AttributeError: type object 'Token' has no attribute 'objects'
ERROR 2025-06-22 16:57:59,348 basehttp 33862 6152466432 "POST /api/v1/auth/login/ HTTP/1.1" 500 93401
INFO 2025-06-22 16:58:06,018 basehttp 33862 6135640064 "GET /api/docs/ HTTP/1.1" 200 4651
INFO 2025-06-22 16:58:12,962 basehttp 33862 6135640064 "GET /api/schema/ HTTP/1.1" 200 118968
INFO 2025-06-22 16:58:18,425 basehttp 33862 6135640064 "GET /api/schema/ HTTP/1.1" 200 118968
INFO 2025-06-22 16:58:25,380 basehttp 33862 6152466432 "GET /api/schema/ HTTP/1.1" 200 118968
ERROR 2025-06-22 16:58:32,903 log 33862 6135640064 Internal Server Error: /api/v1/auth/login/
Traceback (most recent call last):
  File "/Volumes/PSSD/情绪日记/backend/emotion_diary_env/lib/python3.13/site-packages/django/core/handlers/exception.py", line 55, in inner
    response = get_response(request)
  File "/Volumes/PSSD/情绪日记/backend/emotion_diary_env/lib/python3.13/site-packages/django/core/handlers/base.py", line 197, in _get_response
    response = wrapped_callback(request, *callback_args, **callback_kwargs)
  File "/Volumes/PSSD/情绪日记/backend/emotion_diary_env/lib/python3.13/site-packages/django/views/decorators/csrf.py", line 56, in wrapper_view
    return view_func(*args, **kwargs)
  File "/Volumes/PSSD/情绪日记/backend/emotion_diary_env/lib/python3.13/site-packages/django/views/generic/base.py", line 104, in view
    return self.dispatch(request, *args, **kwargs)
           ~~~~~~~~~~~~~^^^^^^^^^^^^^^^^^^^^^^^^^^
  File "/Volumes/PSSD/情绪日记/backend/emotion_diary_env/lib/python3.13/site-packages/rest_framework/views.py", line 509, in dispatch
    response = self.handle_exception(exc)
  File "/Volumes/PSSD/情绪日记/backend/emotion_diary_env/lib/python3.13/site-packages/rest_framework/views.py", line 469, in handle_exception
    self.raise_uncaught_exception(exc)
    ~~~~~~~~~~~~~~~~~~~~~~~~~~~~~^^^^^
  File "/Volumes/PSSD/情绪日记/backend/emotion_diary_env/lib/python3.13/site-packages/rest_framework/views.py", line 480, in raise_uncaught_exception
    raise exc
  File "/Volumes/PSSD/情绪日记/backend/emotion_diary_env/lib/python3.13/site-packages/rest_framework/views.py", line 506, in dispatch
    response = handler(request, *args, **kwargs)
  File "/Volumes/PSSD/情绪日记/backend/accounts/views.py", line 62, in post
    token, created = Token.objects.get_or_create(user=user)
                     ^^^^^^^^^^^^^
AttributeError: type object 'Token' has no attribute 'objects'
ERROR 2025-06-22 16:58:32,904 basehttp 33862 6135640064 "POST /api/v1/auth/login/ HTTP/1.1" 500 93401
INFO 2025-06-22 16:59:23,787 autoreload 33862 8676056832 /Volumes/PSSD/情绪日记/backend/emotion_diary_api/settings.py changed, reloading.
INFO 2025-06-22 16:59:24,216 autoreload 34077 8676056832 Watching for file changes with StatReloader
INFO 2025-06-22 16:59:44,363 basehttp 34077 6134706176 "POST /api/v1/auth/login/ HTTP/1.1" 200 498
INFO 2025-06-22 16:59:52,397 basehttp 34077 6134706176 "GET /api/v1/emotions/records/ HTTP/1.1" 200 4350
INFO 2025-06-22 17:05:56,784 basehttp 34077 6151532544 "GET /api/docs/ HTTP/1.1" 200 4651
INFO 2025-06-22 17:05:56,928 basehttp 34077 6134706176 "POST /api/v1/auth/login/ HTTP/1.1" 200 498
INFO 2025-06-22 17:05:57,052 basehttp 34077 6134706176 "POST /api/v1/auth/login/ HTTP/1.1" 200 498
INFO 2025-06-22 17:05:57,062 basehttp 34077 6151532544 "GET /api/v1/auth/profile/ HTTP/1.1" 200 265
INFO 2025-06-22 17:05:57,073 basehttp 34077 6168358912 "GET /api/v1/emotions/records/ HTTP/1.1" 200 4350
INFO 2025-06-22 17:05:57,084 basehttp 34077 6185185280 "GET /api/v1/emotions/records/today/ HTTP/1.1" 200 1089
WARNING 2025-06-22 17:05:57,093 log 34077 6134706176 Not Found: /api/v1/emotions/records/recent/
WARNING 2025-06-22 17:05:57,093 basehttp 34077 6134706176 "GET /api/v1/emotions/records/recent/ HTTP/1.1" 404 25
INFO 2025-06-22 17:05:57,107 basehttp 34077 6151532544 "POST /api/v1/emotions/records/ HTTP/1.1" 201 449
WARNING 2025-06-22 17:05:57,118 log 34077 6168358912 Not Found: /api/v1/emotions/records/statistics/
WARNING 2025-06-22 17:05:57,119 basehttp 34077 6168358912 "GET /api/v1/emotions/records/statistics/ HTTP/1.1" 404 25
WARNING 2025-06-22 17:05:57,134 log 34077 6185185280 Not Found: /api/v1/ai/analysis/
WARNING 2025-06-22 17:05:57,134 basehttp 34077 6185185280 "POST /api/v1/ai/analysis/ HTTP/1.1" 404 9313
INFO 2025-06-22 17:06:35,348 autoreload 34077 8676056832 /Volumes/PSSD/情绪日记/backend/emotions/views.py changed, reloading.
INFO 2025-06-22 17:06:35,854 autoreload 34456 8676056832 Watching for file changes with StatReloader
INFO 2025-06-22 17:07:04,653 basehttp 34456 6132871168 "GET /api/docs/ HTTP/1.1" 200 4651
INFO 2025-06-22 17:07:04,797 basehttp 34456 6149697536 "POST /api/v1/auth/login/ HTTP/1.1" 200 498
INFO 2025-06-22 17:07:04,928 basehttp 34456 6132871168 "POST /api/v1/auth/login/ HTTP/1.1" 200 498
INFO 2025-06-22 17:07:04,939 basehttp 34456 6149697536 "GET /api/v1/auth/profile/ HTTP/1.1" 200 265
INFO 2025-06-22 17:07:04,950 basehttp 34456 6166523904 "GET /api/v1/emotions/records/ HTTP/1.1" 200 4800
INFO 2025-06-22 17:07:04,961 basehttp 34456 6132871168 "GET /api/v1/emotions/records/today/ HTTP/1.1" 200 1539
INFO 2025-06-22 17:07:04,972 basehttp 34456 6132871168 "GET /api/v1/emotions/records/recent/ HTTP/1.1" 200 4750
INFO 2025-06-22 17:07:04,990 basehttp 34456 6149697536 "POST /api/v1/emotions/records/ HTTP/1.1" 201 450
INFO 2025-06-22 17:07:05,002 basehttp 34456 6166523904 "GET /api/v1/emotions/records/statistics/ HTTP/1.1" 200 647
INFO 2025-06-22 17:07:05,011 basehttp 34456 6183350272 "POST /api/v1/ai/analyze/ HTTP/1.1" 200 43
WARNING 2025-06-22 17:18:47,780 log 34456 6132871168 Not Found: /api/v1/
WARNING 2025-06-22 17:18:47,780 basehttp 34456 6132871168 "GET /api/v1/ HTTP/1.1" 404 3187
INFO 2025-06-22 17:18:54,109 basehttp 34456 6149697536 "POST /api/v1/auth/login/ HTTP/1.1" 200 498
WARNING 2025-06-22 17:29:05,705 log 34456 6166523904 Method Not Allowed: /api/v1/auth/login/
WARNING 2025-06-22 17:29:05,712 basehttp 34456 6166523904 "GET /api/v1/auth/login/ HTTP/1.1" 405 45
INFO 2025-06-22 17:29:05,876 basehttp 34456 6183350272 "POST /api/v1/auth/login/ HTTP/1.1" 200 498
INFO 2025-06-22 17:29:05,896 basehttp 34456 6200176640 "POST /api/v1/emotions/records/ HTTP/1.1" 201 550
INFO 2025-06-22 17:29:05,912 basehttp 34456 6217003008 "POST /api/v1/emotions/records/ HTTP/1.1" 201 553
INFO 2025-06-22 17:29:05,926 basehttp 34456 6132871168 "POST /api/v1/emotions/records/ HTTP/1.1" 201 532
INFO 2025-06-22 17:29:05,939 basehttp 34456 6149697536 "POST /api/v1/emotions/records/ HTTP/1.1" 201 547
INFO 2025-06-22 17:29:05,949 basehttp 34456 6166523904 "POST /api/v1/ai/analyze/ HTTP/1.1" 200 43
INFO 2025-06-22 17:29:05,964 basehttp 34456 6183350272 "POST /api/v1/ai/analyze/ HTTP/1.1" 200 43
INFO 2025-06-22 17:29:05,976 basehttp 34456 6200176640 "POST /api/v1/ai/analyze/ HTTP/1.1" 200 43
INFO 2025-06-22 17:29:05,987 basehttp 34456 6132871168 "POST /api/v1/ai/analyze/ HTTP/1.1" 200 43
INFO 2025-06-22 17:29:05,998 basehttp 34456 6149697536 "GET /api/v1/emotions/records/recent/ HTTP/1.1" 200 5211
INFO 2025-06-22 17:29:06,010 basehttp 34456 6166523904 "GET /api/v1/emotions/records/statistics/ HTTP/1.1" 200 648
INFO 2025-06-22 17:29:06,021 basehttp 34456 6183350272 "GET /api/v1/emotions/records/11/ HTTP/1.1" 200 550
INFO 2025-06-22 17:29:06,076 basehttp 34456 6200176640 "POST /api/v1/emotions/records/ HTTP/1.1" 201 456
INFO 2025-06-22 17:29:06,086 basehttp 34456 6132871168 "POST /api/v1/ai/analyze/ HTTP/1.1" 200 43
INFO 2025-06-22 17:29:06,099 basehttp 34456 6149697536 "POST /api/v1/emotions/records/ HTTP/1.1" 201 452
INFO 2025-06-22 17:29:06,109 basehttp 34456 6166523904 "POST /api/v1/ai/analyze/ HTTP/1.1" 200 43
INFO 2025-06-22 17:29:06,122 basehttp 34456 6183350272 "POST /api/v1/emotions/records/ HTTP/1.1" 201 456
INFO 2025-06-22 17:29:06,131 basehttp 34456 6200176640 "POST /api/v1/ai/analyze/ HTTP/1.1" 200 43
INFO 2025-06-22 17:29:06,145 basehttp 34456 6217003008 "POST /api/v1/emotions/records/ HTTP/1.1" 201 460
INFO 2025-06-22 17:29:06,154 basehttp 34456 6132871168 "POST /api/v1/ai/analyze/ HTTP/1.1" 200 43
INFO 2025-06-22 17:29:06,168 basehttp 34456 6149697536 "POST /api/v1/emotions/records/ HTTP/1.1" 201 454
INFO 2025-06-22 17:29:06,177 basehttp 34456 6166523904 "POST /api/v1/ai/analyze/ HTTP/1.1" 200 43
INFO 2025-06-22 17:29:06,190 basehttp 34456 6183350272 "POST /api/v1/emotions/records/ HTTP/1.1" 201 460
INFO 2025-06-22 17:29:06,200 basehttp 34456 6200176640 "POST /api/v1/ai/analyze/ HTTP/1.1" 200 43
INFO 2025-06-22 17:29:06,218 basehttp 34456 6132871168 "POST /api/v1/ai/analyze/ HTTP/1.1" 200 43
INFO 2025-06-22 17:31:31,359 autoreload 34456 8676056832 /Volumes/PSSD/情绪日记/backend/ai_analysis/views.py changed, reloading.
INFO 2025-06-22 17:31:31,804 autoreload 35318 8676056832 Watching for file changes with StatReloader
INFO 2025-06-22 17:31:53,541 autoreload 35318 8676056832 /Volumes/PSSD/情绪日记/backend/ai_analysis/views.py changed, reloading.
INFO 2025-06-22 17:31:53,940 autoreload 35325 8676056832 Watching for file changes with StatReloader
INFO 2025-06-22 17:32:21,062 autoreload 35325 8676056832 /Volumes/PSSD/情绪日记/backend/ai_analysis/views.py changed, reloading.
INFO 2025-06-22 17:32:21,384 autoreload 35333 8676056832 Watching for file changes with StatReloader
WARNING 2025-06-22 17:34:01,575 log 35333 6123761664 Method Not Allowed: /api/v1/auth/login/
WARNING 2025-06-22 17:34:01,576 basehttp 35333 6123761664 "GET /api/v1/auth/login/ HTTP/1.1" 405 45
INFO 2025-06-22 17:34:01,743 basehttp 35333 6140588032 "POST /api/v1/auth/login/ HTTP/1.1" 200 498
INFO 2025-06-22 17:34:01,758 basehttp 35333 6123761664 "POST /api/v1/emotions/records/ HTTP/1.1" 201 550
INFO 2025-06-22 17:34:01,771 basehttp 35333 6140588032 "POST /api/v1/emotions/records/ HTTP/1.1" 201 553
INFO 2025-06-22 17:34:01,786 basehttp 35333 6157414400 "POST /api/v1/emotions/records/ HTTP/1.1" 201 532
INFO 2025-06-22 17:34:01,799 basehttp 35333 6123761664 "POST /api/v1/emotions/records/ HTTP/1.1" 201 547
INFO 2025-06-22 17:34:01,813 basehttp 35333 6140588032 "POST /api/v1/ai/analyze/ HTTP/1.1" 200 4175
INFO 2025-06-22 17:34:01,831 basehttp 35333 6157414400 "POST /api/v1/ai/analyze/ HTTP/1.1" 200 4135
INFO 2025-06-22 17:34:01,846 basehttp 35333 6174240768 "POST /api/v1/ai/analyze/ HTTP/1.1" 200 4170
INFO 2025-06-22 17:34:01,861 basehttp 35333 6191067136 "POST /api/v1/ai/analyze/ HTTP/1.1" 200 4173
INFO 2025-06-22 17:34:01,873 basehttp 35333 6123761664 "GET /api/v1/emotions/records/recent/ HTTP/1.1" 200 4931
INFO 2025-06-22 17:34:01,887 basehttp 35333 6140588032 "GET /api/v1/emotions/records/statistics/ HTTP/1.1" 200 690
INFO 2025-06-22 17:34:01,899 basehttp 35333 6157414400 "GET /api/v1/emotions/records/21/ HTTP/1.1" 200 550
INFO 2025-06-22 17:34:01,950 basehttp 35333 6174240768 "POST /api/v1/emotions/records/ HTTP/1.1" 201 456
INFO 2025-06-22 17:34:01,968 basehttp 35333 6123761664 "POST /api/v1/ai/analyze/ HTTP/1.1" 200 4003
INFO 2025-06-22 17:34:01,985 basehttp 35333 6140588032 "POST /api/v1/emotions/records/ HTTP/1.1" 201 452
INFO 2025-06-22 17:34:02,002 basehttp 35333 6157414400 "POST /api/v1/ai/analyze/ HTTP/1.1" 200 4064
INFO 2025-06-22 17:34:02,019 basehttp 35333 6174240768 "POST /api/v1/emotions/records/ HTTP/1.1" 201 456
INFO 2025-06-22 17:34:02,036 basehttp 35333 6191067136 "POST /api/v1/ai/analyze/ HTTP/1.1" 200 4083
INFO 2025-06-22 17:34:02,052 basehttp 35333 6123761664 "POST /api/v1/emotions/records/ HTTP/1.1" 201 460
INFO 2025-06-22 17:34:02,069 basehttp 35333 6140588032 "POST /api/v1/ai/analyze/ HTTP/1.1" 200 4107
INFO 2025-06-22 17:34:02,086 basehttp 35333 6157414400 "POST /api/v1/emotions/records/ HTTP/1.1" 201 454
INFO 2025-06-22 17:34:02,102 basehttp 35333 6174240768 "POST /api/v1/ai/analyze/ HTTP/1.1" 200 4013
INFO 2025-06-22 17:34:02,118 basehttp 35333 6191067136 "POST /api/v1/emotions/records/ HTTP/1.1" 201 460
INFO 2025-06-22 17:34:02,134 basehttp 35333 6123761664 "POST /api/v1/ai/analyze/ HTTP/1.1" 200 4019
INFO 2025-06-22 17:34:02,159 basehttp 35333 6140588032 "POST /api/v1/ai/analyze/ HTTP/1.1" 200 4143
INFO 2025-06-22 17:39:41,279 autoreload 35333 8676056832 /Volumes/PSSD/情绪日记/backend/ai_analysis/ai_service.py changed, reloading.
INFO 2025-06-22 17:39:41,733 autoreload 35883 8676056832 Watching for file changes with StatReloader
WARNING 2025-06-22 17:39:42,135 redis_rate_limiter 35883 8676056832 No redis installed, RedisRateLimiter unavailable. Ignore this warning if you don't need to use qianfan SDK in distribution environment
INFO 2025-06-22 17:39:58,375 autoreload 35883 8676056832 /Volumes/PSSD/情绪日记/backend/ai_analysis/ai_service.py changed, reloading.
INFO 2025-06-22 17:39:58,802 autoreload 35891 8676056832 Watching for file changes with StatReloader
WARNING 2025-06-22 17:39:59,156 redis_rate_limiter 35891 8676056832 No redis installed, RedisRateLimiter unavailable. Ignore this warning if you don't need to use qianfan SDK in distribution environment
INFO 2025-06-22 17:40:25,104 autoreload 35891 8676056832 /Volumes/PSSD/情绪日记/backend/ai_analysis/ai_service.py changed, reloading.
INFO 2025-06-22 17:40:25,566 autoreload 35900 8676056832 Watching for file changes with StatReloader
WARNING 2025-06-22 17:40:25,920 redis_rate_limiter 35900 8676056832 No redis installed, RedisRateLimiter unavailable. Ignore this warning if you don't need to use qianfan SDK in distribution environment
INFO 2025-06-22 17:40:40,001 autoreload 35900 8676056832 /Volumes/PSSD/情绪日记/backend/ai_analysis/ai_service.py changed, reloading.
INFO 2025-06-22 17:40:40,518 autoreload 35909 8676056832 Watching for file changes with StatReloader
WARNING 2025-06-22 17:40:40,882 redis_rate_limiter 35909 8676056832 No redis installed, RedisRateLimiter unavailable. Ignore this warning if you don't need to use qianfan SDK in distribution environment
INFO 2025-06-22 17:40:48,433 autoreload 35909 8676056832 /Volumes/PSSD/情绪日记/backend/ai_analysis/ai_service.py changed, reloading.
INFO 2025-06-22 17:40:48,758 autoreload 35916 8676056832 Watching for file changes with StatReloader
WARNING 2025-06-22 17:40:48,940 redis_rate_limiter 35916 8676056832 No redis installed, RedisRateLimiter unavailable. Ignore this warning if you don't need to use qianfan SDK in distribution environment
INFO 2025-06-22 17:40:54,386 autoreload 35916 8676056832 /Volumes/PSSD/情绪日记/backend/ai_analysis/ai_service.py changed, reloading.
INFO 2025-06-22 17:40:54,812 autoreload 35920 8676056832 Watching for file changes with StatReloader
WARNING 2025-06-22 17:40:55,093 redis_rate_limiter 35920 8676056832 No redis installed, RedisRateLimiter unavailable. Ignore this warning if you don't need to use qianfan SDK in distribution environment
INFO 2025-06-22 17:41:01,607 autoreload 35920 8676056832 /Volumes/PSSD/情绪日记/backend/ai_analysis/ai_service.py changed, reloading.
INFO 2025-06-22 17:41:01,986 autoreload 35927 8676056832 Watching for file changes with StatReloader
WARNING 2025-06-22 17:41:02,194 redis_rate_limiter 35927 8676056832 No redis installed, RedisRateLimiter unavailable. Ignore this warning if you don't need to use qianfan SDK in distribution environment
INFO 2025-06-22 17:41:08,706 autoreload 35927 8676056832 /Volumes/PSSD/情绪日记/backend/ai_analysis/ai_service.py changed, reloading.
INFO 2025-06-22 17:41:09,136 autoreload 35934 8676056832 Watching for file changes with StatReloader
WARNING 2025-06-22 17:41:09,408 redis_rate_limiter 35934 8676056832 No redis installed, RedisRateLimiter unavailable. Ignore this warning if you don't need to use qianfan SDK in distribution environment
INFO 2025-06-22 17:41:15,950 autoreload 35934 8676056832 /Volumes/PSSD/情绪日记/backend/ai_analysis/ai_service.py changed, reloading.
INFO 2025-06-22 17:41:16,286 autoreload 35938 8676056832 Watching for file changes with StatReloader
WARNING 2025-06-22 17:41:16,468 redis_rate_limiter 35938 8676056832 No redis installed, RedisRateLimiter unavailable. Ignore this warning if you don't need to use qianfan SDK in distribution environment
INFO 2025-06-22 17:41:22,966 autoreload 35938 8676056832 /Volumes/PSSD/情绪日记/backend/ai_analysis/ai_service.py changed, reloading.
INFO 2025-06-22 17:41:23,402 autoreload 35945 8676056832 Watching for file changes with StatReloader
WARNING 2025-06-22 17:41:23,683 redis_rate_limiter 35945 8676056832 No redis installed, RedisRateLimiter unavailable. Ignore this warning if you don't need to use qianfan SDK in distribution environment
INFO 2025-06-22 17:41:38,788 autoreload 35945 8676056832 /Volumes/PSSD/情绪日记/backend/ai_analysis/ai_service.py changed, reloading.
INFO 2025-06-22 17:41:39,207 autoreload 35954 8676056832 Watching for file changes with StatReloader
WARNING 2025-06-22 17:41:39,563 redis_rate_limiter 35954 8676056832 No redis installed, RedisRateLimiter unavailable. Ignore this warning if you don't need to use qianfan SDK in distribution environment
INFO 2025-06-22 17:41:47,178 autoreload 35954 8676056832 /Volumes/PSSD/情绪日记/backend/ai_analysis/ai_service.py changed, reloading.
INFO 2025-06-22 17:41:47,495 autoreload 35960 8676056832 Watching for file changes with StatReloader
WARNING 2025-06-22 17:41:47,746 redis_rate_limiter 35960 8676056832 No redis installed, RedisRateLimiter unavailable. Ignore this warning if you don't need to use qianfan SDK in distribution environment
INFO 2025-06-22 17:41:54,241 autoreload 35960 8676056832 /Volumes/PSSD/情绪日记/backend/ai_analysis/ai_service.py changed, reloading.
INFO 2025-06-22 17:41:54,708 autoreload 35965 8676056832 Watching for file changes with StatReloader
WARNING 2025-06-22 17:41:55,047 redis_rate_limiter 35965 8676056832 No redis installed, RedisRateLimiter unavailable. Ignore this warning if you don't need to use qianfan SDK in distribution environment
INFO 2025-06-22 17:42:27,602 autoreload 35965 8676056832 /Volumes/PSSD/情绪日记/backend/ai_analysis/ai_service.py changed, reloading.
INFO 2025-06-22 17:42:28,039 autoreload 35977 8676056832 Watching for file changes with StatReloader
WARNING 2025-06-22 17:42:28,387 redis_rate_limiter 35977 8676056832 No redis installed, RedisRateLimiter unavailable. Ignore this warning if you don't need to use qianfan SDK in distribution environment
WARNING 2025-06-22 17:44:05,429 redis_rate_limiter 36037 8676056832 No redis installed, RedisRateLimiter unavailable. Ignore this warning if you don't need to use qianfan SDK in distribution environment
WARNING 2025-06-22 17:46:03,113 redis_rate_limiter 36079 8676056832 No redis installed, RedisRateLimiter unavailable. Ignore this warning if you don't need to use qianfan SDK in distribution environment
INFO 2025-06-22 17:58:46,528 autoreload 35977 8676056832 /Volumes/PSSD/情绪日记/backend/ai_analysis/ai_service.py changed, reloading.
INFO 2025-06-22 17:58:46,993 autoreload 36334 8676056832 Watching for file changes with StatReloader
WARNING 2025-06-22 17:58:47,332 redis_rate_limiter 36334 8676056832 No redis installed, RedisRateLimiter unavailable. Ignore this warning if you don't need to use qianfan SDK in distribution environment
WARNING 2025-06-22 18:01:37,692 redis_rate_limiter 36384 8676056832 No redis installed, RedisRateLimiter unavailable. Ignore this warning if you don't need to use qianfan SDK in distribution environment
WARNING 2025-06-22 18:01:37,721 ai_service 36384 8676056832 未找到有效的千帆认证配置，使用模拟模式
WARNING 2025-06-22 18:01:37,721 ai_service 36384 8676056832 未找到有效的千帆认证配置，使用模拟模式
INFO 2025-06-22 18:07:02,826 autoreload 36334 8676056832 /Volumes/PSSD/情绪日记/backend/accounts/admin.py changed, reloading.
INFO 2025-06-22 18:07:03,676 autoreload 36509 8676056832 Watching for file changes with StatReloader
WARNING 2025-06-22 18:07:04,038 redis_rate_limiter 36509 8676056832 No redis installed, RedisRateLimiter unavailable. Ignore this warning if you don't need to use qianfan SDK in distribution environment
INFO 2025-06-22 18:09:57,870 autoreload 36509 8676056832 /Volumes/PSSD/情绪日记/backend/emotion_diary_api/settings.py changed, reloading.
INFO 2025-06-22 18:09:58,365 autoreload 36569 8676056832 Watching for file changes with StatReloader
WARNING 2025-06-22 18:09:58,684 redis_rate_limiter 36569 8676056832 No redis installed, RedisRateLimiter unavailable. Ignore this warning if you don't need to use qianfan SDK in distribution environment
WARNING 2025-06-22 18:11:10,879 redis_rate_limiter 36591 8676056832 No redis installed, RedisRateLimiter unavailable. Ignore this warning if you don't need to use qianfan SDK in distribution environment
WARNING 2025-06-22 18:11:10,910 ai_service 36591 8676056832 未找到有效的千帆认证配置，使用模拟模式
WARNING 2025-06-22 18:11:10,911 ai_service 36591 8676056832 未找到有效的千帆认证配置，使用模拟模式
INFO 2025-06-22 18:19:58,260 autoreload 36569 8676056832 /Volumes/PSSD/情绪日记/backend/ai_analysis/ai_service.py changed, reloading.
INFO 2025-06-22 18:19:58,730 autoreload 36755 8676056832 Watching for file changes with StatReloader
INFO 2025-06-22 18:20:22,579 autoreload 36755 8676056832 /Volumes/PSSD/情绪日记/backend/emotion_diary_api/settings.py changed, reloading.
INFO 2025-06-22 18:20:23,016 autoreload 36771 8676056832 Watching for file changes with StatReloader
WARNING 2025-06-22 18:21:57,913 redis_rate_limiter 36801 8676056832 No redis installed, RedisRateLimiter unavailable. Ignore this warning if you don't need to use qianfan SDK in distribution environment
WARNING 2025-06-22 18:21:57,947 ai_service 36801 8676056832 未找到有效的千帆API Key配置，使用模拟模式
WARNING 2025-06-22 18:21:57,947 ai_service 36801 8676056832 未找到有效的千帆API Key配置，使用模拟模式
WARNING 2025-06-22 18:28:17,913 redis_rate_limiter 37023 8676056832 No redis installed, RedisRateLimiter unavailable. Ignore this warning if you don't need to use qianfan SDK in distribution environment
INFO 2025-06-22 18:28:17,934 ai_service 37023 8676056832 千帆AI服务初始化成功 (API Key Bearer Token认证)
INFO 2025-06-22 18:28:17,934 ai_service 37023 8676056832 千帆AI服务初始化成功 (API Key Bearer Token认证)
ERROR 2025-06-22 18:28:18,057 ai_service 37023 8676056832 千帆API调用失败: 401 - {"error":{"code":"invalid_iam_token","message":"invalid_iam_token","type":"invalid_request_error"},"id":"as-hyu1bxapqh"}
WARNING 2025-06-22 18:30:29,095 redis_rate_limiter 37145 8676056832 No redis installed, RedisRateLimiter unavailable. Ignore this warning if you don't need to use qianfan SDK in distribution environment
INFO 2025-06-22 18:30:29,130 ai_service 37145 8676056832 千帆AI服务初始化成功 (API Key Bearer Token认证)
INFO 2025-06-22 18:30:29,130 ai_service 37145 8676056832 千帆AI服务初始化成功 (API Key Bearer Token认证)
ERROR 2025-06-22 18:30:29,252 ai_service 37145 8676056832 千帆API调用失败: 401 - {"error":{"code":"invalid_iam_token","message":"invalid_iam_token","type":"invalid_request_error"},"id":"as-bmqk8ggdnt"}
WARNING 2025-06-22 18:33:44,260 redis_rate_limiter 37293 8676056832 No redis installed, RedisRateLimiter unavailable. Ignore this warning if you don't need to use qianfan SDK in distribution environment
INFO 2025-06-22 18:33:44,290 ai_service 37293 8676056832 千帆AI服务初始化成功 (API Key Bearer Token认证)
INFO 2025-06-22 18:33:44,290 ai_service 37293 8676056832 千帆AI服务初始化成功 (API Key Bearer Token认证)
INFO 2025-06-22 18:33:47,950 ai_service 37293 8676056832 千帆API调用成功
INFO 2025-06-22 18:34:29,087 autoreload 37398 8676056832 Watching for file changes with StatReloader
WARNING 2025-06-22 18:36:18,825 redis_rate_limiter 37467 8676056832 No redis installed, RedisRateLimiter unavailable. Ignore this warning if you don't need to use qianfan SDK in distribution environment
INFO 2025-06-22 18:36:18,860 ai_service 37467 8676056832 千帆AI服务初始化成功 (API Key Bearer Token认证)
INFO 2025-06-22 18:36:18,860 ai_service 37467 8676056832 千帆AI服务初始化成功 (API Key Bearer Token认证)
INFO 2025-06-22 18:36:21,618 ai_service 37467 8676056832 千帆API调用成功
INFO 2025-06-22 18:39:37,670 autoreload 37669 8676056832 Watching for file changes with StatReloader
INFO 2025-06-22 19:05:49,713 basehttp 37669 6121795584 "OPTIONS /api/v1/emotions/records/ HTTP/1.1" 200 0
WARNING 2025-06-22 19:05:49,731 log 37669 6121795584 Forbidden: /api/v1/emotions/records/
WARNING 2025-06-22 19:05:49,732 basehttp 37669 6121795584 "POST /api/v1/emotions/records/ HTTP/1.1" 403 43
WARNING 2025-06-22 19:05:53,553 log 37669 6121795584 Forbidden: /api/v1/emotions/records/
WARNING 2025-06-22 19:05:53,553 basehttp 37669 6121795584 "POST /api/v1/emotions/records/ HTTP/1.1" 403 43
INFO 2025-06-22 19:38:49,433 basehttp 37669 6138621952 "OPTIONS /api/v1/auth/login/ HTTP/1.1" 200 0
INFO 2025-06-22 19:38:49,589 basehttp 37669 6138621952 "POST /api/v1/auth/login/ HTTP/1.1" 200 498
INFO 2025-06-22 19:38:58,499 basehttp 37669 6155448320 "POST /api/v1/auth/login/ HTTP/1.1" 200 498
INFO 2025-06-22 19:39:00,023 basehttp 37669 6138621952 "OPTIONS /api/v1/emotions/records/?limit=10 HTTP/1.1" 200 0
INFO 2025-06-22 19:39:00,023 basehttp 37669 6121795584 "OPTIONS /api/v1/emotions/records/?date=2025-06-22 HTTP/1.1" 200 0
INFO 2025-06-22 19:39:00,046 basehttp 37669 6138621952 "GET /api/v1/emotions/records/?date=2025-06-22 HTTP/1.1" 200 9979
INFO 2025-06-22 19:39:00,047 basehttp 37669 6121795584 "GET /api/v1/emotions/records/?limit=10 HTTP/1.1" 200 9972
INFO 2025-06-22 19:39:22,364 basehttp 37669 6121795584 "POST /api/v1/emotions/records/ HTTP/1.1" 201 484
INFO 2025-06-22 19:39:35,168 basehttp 37669 6138621952 "GET /api/v1/emotions/records/?limit=10 HTTP/1.1" 200 9906
WARNING 2025-06-22 19:43:36,455 redis_rate_limiter 40160 8676056832 No redis installed, RedisRateLimiter unavailable. Ignore this warning if you don't need to use qianfan SDK in distribution environment
INFO 2025-06-22 19:43:36,478 ai_service 40160 8676056832 千帆AI服务初始化成功 (API Key Bearer Token认证)
INFO 2025-06-22 19:43:36,478 ai_service 40160 8676056832 千帆AI服务初始化成功 (API Key Bearer Token认证)
INFO 2025-06-22 19:43:39,421 ai_service 40160 8676056832 千帆API调用成功
INFO 2025-06-22 19:44:04,462 basehttp 37669 6155448320 "GET /api/v1/emotions/records/?date=2025-06-22 HTTP/1.1" 200 9913
INFO 2025-06-22 19:44:04,464 basehttp 37669 6172274688 "GET /api/v1/emotions/records/?limit=10 HTTP/1.1" 200 9906
INFO 2025-06-22 19:44:47,043 basehttp 37669 6121795584 "POST /api/v1/auth/login/ HTTP/1.1" 200 498
INFO 2025-06-22 19:44:47,091 basehttp 37669 6138621952 "POST /api/v1/emotions/records/ HTTP/1.1" 201 582
INFO 2025-06-22 19:44:47,120 ai_service 37669 6155448320 千帆AI服务初始化成功 (API Key Bearer Token认证)
INFO 2025-06-22 19:45:08,630 ai_service 37669 6155448320 千帆API调用成功
INFO 2025-06-22 19:45:08,636 ai_service 37669 6155448320 AI增强分析完成，记录ID: 32
INFO 2025-06-22 19:45:08,640 basehttp 37669 6155448320 "POST /api/v1/ai/analyze/ HTTP/1.1" 200 5518
INFO 2025-06-22 20:17:23,000 basehttp 37669 6139195392 "GET /api/v1/emotions/records/?limit=10 HTTP/1.1" 200 9935
INFO 2025-06-22 20:17:23,002 basehttp 37669 6122369024 "GET /api/v1/emotions/records/?date=2025-06-22 HTTP/1.1" 200 9942
INFO 2025-06-22 20:17:23,141 basehttp 37669 6122369024 "GET /api/v1/emotions/records/?date=2025-06-22 HTTP/1.1" 200 9942
INFO 2025-06-22 20:17:23,143 basehttp 37669 6139195392 "GET /api/v1/emotions/records/?limit=10 HTTP/1.1" 200 9935
INFO 2025-06-22 20:17:59,277 basehttp 37669 6122369024 "OPTIONS /api/v1/emotions/statistics/overview/?time_range=week HTTP/1.1" 200 0
INFO 2025-06-22 20:17:59,280 basehttp 37669 6156021760 "OPTIONS /api/v1/emotions/statistics/distribution/?time_range=week HTTP/1.1" 200 0
INFO 2025-06-22 20:17:59,280 basehttp 37669 6139195392 "OPTIONS /api/v1/emotions/statistics/trend/?time_range=week HTTP/1.1" 200 0
INFO 2025-06-22 20:17:59,281 basehttp 37669 6172848128 "OPTIONS /api/v1/emotions/statistics/scenes/?time_range=week HTTP/1.1" 200 0
INFO 2025-06-22 20:17:59,282 basehttp 37669 6325039104 "OPTIONS /api/v1/emotions/statistics/time-pattern/?time_range=week HTTP/1.1" 200 0
WARNING 2025-06-22 20:17:59,376 log 37669 6139195392 Not Found: /api/v1/emotions/statistics/trend/
WARNING 2025-06-22 20:17:59,382 basehttp 37669 6139195392 "GET /api/v1/emotions/statistics/trend/?time_range=week HTTP/1.1" 404 12798
WARNING 2025-06-22 20:17:59,387 log 37669 6122369024 Not Found: /api/v1/emotions/statistics/overview/
WARNING 2025-06-22 20:17:59,389 log 37669 6325039104 Not Found: /api/v1/emotions/statistics/time-pattern/
WARNING 2025-06-22 20:17:59,389 basehttp 37669 6122369024 "GET /api/v1/emotions/statistics/overview/?time_range=week HTTP/1.1" 404 12807
WARNING 2025-06-22 20:17:59,390 log 37669 6156021760 Not Found: /api/v1/emotions/statistics/distribution/
WARNING 2025-06-22 20:17:59,391 basehttp 37669 6325039104 "GET /api/v1/emotions/statistics/time-pattern/?time_range=week HTTP/1.1" 404 12819
WARNING 2025-06-22 20:17:59,391 basehttp 37669 6156021760 "GET /api/v1/emotions/statistics/distribution/?time_range=week HTTP/1.1" 404 12819
WARNING 2025-06-22 20:17:59,394 log 37669 6172848128 Not Found: /api/v1/emotions/statistics/scenes/
WARNING 2025-06-22 20:17:59,396 basehttp 37669 6172848128 "GET /api/v1/emotions/statistics/scenes/?time_range=week HTTP/1.1" 404 12801
INFO 2025-06-22 20:19:00,033 basehttp 37669 6341865472 "POST /api/v1/auth/login/ HTTP/1.1" 200 498
WARNING 2025-06-22 20:19:00,090 log 37669 6358691840 Not Found: /api/v1/emotions/statistics/overview/
WARNING 2025-06-22 20:19:00,090 basehttp 37669 6358691840 "GET /api/v1/emotions/statistics/overview/?time_range=week HTTP/1.1" 404 12807
WARNING 2025-06-22 20:19:00,098 log 37669 6375518208 Not Found: /api/v1/emotions/statistics/trend/
WARNING 2025-06-22 20:19:00,099 basehttp 37669 6375518208 "GET /api/v1/emotions/statistics/trend/?time_range=week HTTP/1.1" 404 12798
WARNING 2025-06-22 20:19:00,107 log 37669 6392344576 Not Found: /api/v1/emotions/statistics/distribution/
WARNING 2025-06-22 20:19:00,107 basehttp 37669 6392344576 "GET /api/v1/emotions/statistics/distribution/?time_range=week HTTP/1.1" 404 12819
WARNING 2025-06-22 20:19:00,116 log 37669 6409170944 Not Found: /api/v1/emotions/statistics/scenes/
WARNING 2025-06-22 20:19:00,117 basehttp 37669 6409170944 "GET /api/v1/emotions/statistics/scenes/?time_range=week HTTP/1.1" 404 12801
WARNING 2025-06-22 20:19:00,125 log 37669 6425997312 Not Found: /api/v1/emotions/statistics/time-pattern/
WARNING 2025-06-22 20:19:00,126 basehttp 37669 6425997312 "GET /api/v1/emotions/statistics/time-pattern/?time_range=week HTTP/1.1" 404 12819
WARNING 2025-06-22 20:19:00,165 log 37669 13170143232 Not Found: /
WARNING 2025-06-22 20:19:00,165 basehttp 37669 13170143232 "GET / HTTP/1.1" 404 3148
INFO 2025-06-22 20:19:41,165 autoreload 37669 8676056832 /Volumes/PSSD/情绪日记/backend/emotions/urls.py changed, reloading.
INFO 2025-06-22 20:19:41,173 autoreload 36771 8676056832 /Volumes/PSSD/情绪日记/backend/emotions/urls.py changed, reloading.
INFO 2025-06-22 20:19:41,678 autoreload 41215 8676056832 Watching for file changes with StatReloader
INFO 2025-06-22 20:19:41,678 autoreload 41216 8676056832 Watching for file changes with StatReloader
INFO 2025-06-22 20:20:32,217 autoreload 41215 8676056832 /Volumes/PSSD/情绪日记/backend/emotions/views.py changed, reloading.
INFO 2025-06-22 20:20:32,235 autoreload 41216 8676056832 /Volumes/PSSD/情绪日记/backend/emotions/views.py changed, reloading.
INFO 2025-06-22 20:20:32,702 autoreload 41232 8676056832 Watching for file changes with StatReloader
INFO 2025-06-22 20:20:32,702 autoreload 41233 8676056832 Watching for file changes with StatReloader
INFO 2025-06-22 20:20:41,979 basehttp 41232 6129741824 "POST /api/v1/auth/login/ HTTP/1.1" 200 498
INFO 2025-06-22 20:20:42,018 basehttp 41232 6146568192 "GET /api/v1/emotions/statistics/overview/?time_range=week HTTP/1.1" 200 100
INFO 2025-06-22 20:20:42,028 basehttp 41232 6129741824 "GET /api/v1/emotions/statistics/trend/?time_range=week HTTP/1.1" 200 452
INFO 2025-06-22 20:20:42,035 basehttp 41232 6146568192 "GET /api/v1/emotions/statistics/distribution/?time_range=week HTTP/1.1" 200 555
INFO 2025-06-22 20:20:42,043 basehttp 41232 6163394560 "GET /api/v1/emotions/statistics/scenes/?time_range=week HTTP/1.1" 200 476
INFO 2025-06-22 20:20:42,054 basehttp 41232 6180220928 "GET /api/v1/emotions/statistics/time-pattern/?time_range=week HTTP/1.1" 200 429
WARNING 2025-06-22 20:20:42,078 log 41232 6197047296 Not Found: /
WARNING 2025-06-22 20:20:42,078 basehttp 41232 6197047296 "GET / HTTP/1.1" 404 3148
INFO 2025-06-22 20:21:04,041 basehttp 41232 6163394560 "GET /api/v1/emotions/statistics/distribution/?time_range=week HTTP/1.1" 200 555
INFO 2025-06-22 20:21:04,042 basehttp 41232 6180220928 "GET /api/v1/emotions/statistics/scenes/?time_range=week HTTP/1.1" 200 476
INFO 2025-06-22 20:21:04,052 basehttp 41232 6146568192 "GET /api/v1/emotions/statistics/trend/?time_range=week HTTP/1.1" 200 452
INFO 2025-06-22 20:21:04,053 basehttp 41232 6197047296 "GET /api/v1/emotions/statistics/time-pattern/?time_range=week HTTP/1.1" 200 429
INFO 2025-06-22 20:21:04,053 basehttp 41232 6129741824 "GET /api/v1/emotions/statistics/overview/?time_range=week HTTP/1.1" 200 100
INFO 2025-06-22 20:21:32,532 basehttp 41232 6129741824 "OPTIONS /api/v1/emotions/statistics/overview/?time_range=month HTTP/1.1" 200 0
INFO 2025-06-22 20:21:32,532 basehttp 41232 6146568192 "OPTIONS /api/v1/emotions/statistics/trend/?time_range=month HTTP/1.1" 200 0
INFO 2025-06-22 20:21:32,533 basehttp 41232 6180220928 "OPTIONS /api/v1/emotions/statistics/scenes/?time_range=month HTTP/1.1" 200 0
INFO 2025-06-22 20:21:32,533 basehttp 41232 6197047296 "OPTIONS /api/v1/emotions/statistics/time-pattern/?time_range=month HTTP/1.1" 200 0
INFO 2025-06-22 20:21:32,533 basehttp 41232 6163394560 "OPTIONS /api/v1/emotions/statistics/distribution/?time_range=month HTTP/1.1" 200 0
INFO 2025-06-22 20:21:32,552 basehttp 41232 6197047296 "GET /api/v1/emotions/statistics/scenes/?time_range=month HTTP/1.1" 200 476
INFO 2025-06-22 20:21:32,552 basehttp 41232 6129741824 "GET /api/v1/emotions/statistics/distribution/?time_range=month HTTP/1.1" 200 555
INFO 2025-06-22 20:21:32,568 basehttp 41232 6180220928 "GET /api/v1/emotions/statistics/time-pattern/?time_range=month HTTP/1.1" 200 429
INFO 2025-06-22 20:21:32,570 basehttp 41232 6146568192 "GET /api/v1/emotions/statistics/overview/?time_range=month HTTP/1.1" 200 100
INFO 2025-06-22 20:21:32,578 basehttp 41232 6163394560 "GET /api/v1/emotions/statistics/trend/?time_range=month HTTP/1.1" 200 1733
INFO 2025-06-22 20:21:36,188 basehttp 41232 6146568192 "OPTIONS /api/v1/emotions/statistics/trend/?time_range=quarter HTTP/1.1" 200 0
INFO 2025-06-22 20:21:36,188 basehttp 41232 6163394560 "OPTIONS /api/v1/emotions/statistics/distribution/?time_range=quarter HTTP/1.1" 200 0
INFO 2025-06-22 20:21:36,188 basehttp 41232 6197047296 "OPTIONS /api/v1/emotions/statistics/time-pattern/?time_range=quarter HTTP/1.1" 200 0
INFO 2025-06-22 20:21:36,189 basehttp 41232 6180220928 "OPTIONS /api/v1/emotions/statistics/scenes/?time_range=quarter HTTP/1.1" 200 0
INFO 2025-06-22 20:21:36,189 basehttp 41232 6129741824 "OPTIONS /api/v1/emotions/statistics/overview/?time_range=quarter HTTP/1.1" 200 0
INFO 2025-06-22 20:21:36,202 basehttp 41232 6180220928 "GET /api/v1/emotions/statistics/distribution/?time_range=quarter HTTP/1.1" 200 555
INFO 2025-06-22 20:21:36,202 basehttp 41232 6163394560 "GET /api/v1/emotions/statistics/scenes/?time_range=quarter HTTP/1.1" 200 476
INFO 2025-06-22 20:21:36,211 basehttp 41232 6129741824 "GET /api/v1/emotions/statistics/trend/?time_range=quarter HTTP/1.1" 200 445
INFO 2025-06-22 20:21:36,213 basehttp 41232 6146568192 "GET /api/v1/emotions/statistics/overview/?time_range=quarter HTTP/1.1" 200 100
INFO 2025-06-22 20:21:36,213 basehttp 41232 6197047296 "GET /api/v1/emotions/statistics/time-pattern/?time_range=quarter HTTP/1.1" 200 429
INFO 2025-06-22 20:21:38,361 basehttp 41232 6180220928 "GET /api/v1/emotions/statistics/scenes/?time_range=week HTTP/1.1" 200 476
INFO 2025-06-22 20:21:38,363 basehttp 41232 6163394560 "GET /api/v1/emotions/statistics/distribution/?time_range=week HTTP/1.1" 200 555
INFO 2025-06-22 20:21:38,371 basehttp 41232 6146568192 "GET /api/v1/emotions/statistics/trend/?time_range=week HTTP/1.1" 200 452
INFO 2025-06-22 20:21:38,371 basehttp 41232 6197047296 "GET /api/v1/emotions/statistics/time-pattern/?time_range=week HTTP/1.1" 200 429
INFO 2025-06-22 20:21:38,371 basehttp 41232 6129741824 "GET /api/v1/emotions/statistics/overview/?time_range=week HTTP/1.1" 200 100
INFO 2025-06-22 20:25:59,182 basehttp 41232 6129741824 "POST /api/v1/auth/login/ HTTP/1.1" 200 498
INFO 2025-06-22 20:25:59,225 basehttp 41232 6146568192 "GET /api/v1/emotions/statistics/overview/?time_range=week HTTP/1.1" 200 100
INFO 2025-06-22 20:25:59,236 basehttp 41232 6163394560 "GET /api/v1/emotions/statistics/trend/?time_range=week HTTP/1.1" 200 452
INFO 2025-06-22 20:25:59,245 basehttp 41232 6180220928 "GET /api/v1/emotions/statistics/distribution/?time_range=week HTTP/1.1" 200 555
INFO 2025-06-22 20:25:59,253 basehttp 41232 6197047296 "GET /api/v1/emotions/statistics/scenes/?time_range=week HTTP/1.1" 200 476
INFO 2025-06-22 20:25:59,265 basehttp 41232 6213873664 "GET /api/v1/emotions/statistics/time-pattern/?time_range=week HTTP/1.1" 200 429
WARNING 2025-06-22 20:25:59,287 log 41232 6129741824 Not Found: /
WARNING 2025-06-22 20:25:59,287 basehttp 41232 6129741824 "GET / HTTP/1.1" 404 3148
INFO 2025-06-22 20:28:46,737 basehttp 41232 6180220928 "GET /api/v1/emotions/statistics/distribution/?time_range=week HTTP/1.1" 200 555
INFO 2025-06-22 20:28:46,737 basehttp 41232 6197047296 "GET /api/v1/emotions/statistics/scenes/?time_range=week HTTP/1.1" 200 476
INFO 2025-06-22 20:28:46,748 basehttp 41232 6163394560 "GET /api/v1/emotions/statistics/trend/?time_range=week HTTP/1.1" 200 452
INFO 2025-06-22 20:28:46,749 basehttp 41232 6213873664 "GET /api/v1/emotions/statistics/time-pattern/?time_range=week HTTP/1.1" 200 429
INFO 2025-06-22 20:28:46,750 basehttp 41232 6146568192 "GET /api/v1/emotions/statistics/overview/?time_range=week HTTP/1.1" 200 100
INFO 2025-06-22 20:35:02,078 basehttp 41232 6163394560 "GET /api/v1/emotions/statistics/distribution/?time_range=week HTTP/1.1" 200 555
INFO 2025-06-22 20:35:02,080 basehttp 41232 6180220928 "GET /api/v1/emotions/statistics/scenes/?time_range=week HTTP/1.1" 200 476
INFO 2025-06-22 20:35:02,109 basehttp 41232 6146568192 "GET /api/v1/emotions/statistics/trend/?time_range=week HTTP/1.1" 200 452
INFO 2025-06-22 20:35:02,114 basehttp 41232 6197047296 "GET /api/v1/emotions/statistics/time-pattern/?time_range=week HTTP/1.1" 200 429
INFO 2025-06-22 20:35:02,117 basehttp 41232 6129741824 "GET /api/v1/emotions/statistics/overview/?time_range=week HTTP/1.1" 200 100
INFO 2025-06-22 20:35:07,805 basehttp 41232 6146568192 "GET /api/v1/emotions/records/?limit=10 HTTP/1.1" 200 9935
INFO 2025-06-22 20:35:07,805 basehttp 41232 6129741824 "GET /api/v1/emotions/records/?date=2025-06-22 HTTP/1.1" 200 9942
INFO 2025-06-22 20:35:21,494 basehttp 41232 6129741824 "POST /api/v1/emotions/records/ HTTP/1.1" 201 465
INFO 2025-06-22 20:36:48,775 basehttp 41232 6180220928 "GET /api/v1/emotions/statistics/distribution/?time_range=week HTTP/1.1" 200 555
INFO 2025-06-22 20:36:48,778 basehttp 41232 6197047296 "GET /api/v1/emotions/statistics/scenes/?time_range=week HTTP/1.1" 200 476
INFO 2025-06-22 20:36:48,853 basehttp 41232 6163394560 "GET /api/v1/emotions/statistics/trend/?time_range=week HTTP/1.1" 200 452
INFO 2025-06-22 20:36:48,855 basehttp 41232 6146568192 "GET /api/v1/emotions/statistics/overview/?time_range=week HTTP/1.1" 200 100
INFO 2025-06-22 20:36:48,861 basehttp 41232 6213873664 "GET /api/v1/emotions/statistics/time-pattern/?time_range=week HTTP/1.1" 200 430
INFO 2025-06-22 20:36:59,621 basehttp 41232 6180220928 "GET /api/v1/emotions/statistics/scenes/?time_range=week HTTP/1.1" 200 476
INFO 2025-06-22 20:36:59,629 basehttp 41232 6129741824 "GET /api/v1/emotions/statistics/overview/?time_range=week HTTP/1.1" 200 100
INFO 2025-06-22 20:36:59,632 basehttp 41232 6163394560 "GET /api/v1/emotions/statistics/distribution/?time_range=week HTTP/1.1" 200 555
INFO 2025-06-22 20:36:59,647 basehttp 41232 6146568192 "GET /api/v1/emotions/statistics/trend/?time_range=week HTTP/1.1" 200 452
INFO 2025-06-22 20:36:59,654 basehttp 41232 6197047296 "GET /api/v1/emotions/statistics/time-pattern/?time_range=week HTTP/1.1" 200 430
INFO 2025-06-22 20:37:28,032 basehttp 41232 6180220928 "GET /api/v1/emotions/statistics/scenes/?time_range=week HTTP/1.1" 200 476
INFO 2025-06-22 20:37:28,045 basehttp 41232 6163394560 "GET /api/v1/emotions/statistics/distribution/?time_range=week HTTP/1.1" 200 555
INFO 2025-06-22 20:37:28,058 basehttp 41232 6197047296 "GET /api/v1/emotions/statistics/time-pattern/?time_range=week HTTP/1.1" 200 430
INFO 2025-06-22 20:37:28,060 basehttp 41232 6146568192 "GET /api/v1/emotions/statistics/trend/?time_range=week HTTP/1.1" 200 452
INFO 2025-06-22 20:37:28,061 basehttp 41232 6129741824 "GET /api/v1/emotions/statistics/overview/?time_range=week HTTP/1.1" 200 100
INFO 2025-06-22 20:37:40,452 basehttp 41232 6180220928 "GET /api/v1/emotions/statistics/scenes/?time_range=week HTTP/1.1" 200 476
INFO 2025-06-22 20:37:40,457 basehttp 41232 6163394560 "GET /api/v1/emotions/statistics/distribution/?time_range=week HTTP/1.1" 200 555
INFO 2025-06-22 20:37:40,468 basehttp 41232 6146568192 "GET /api/v1/emotions/statistics/trend/?time_range=week HTTP/1.1" 200 452
INFO 2025-06-22 20:37:40,480 basehttp 41232 6197047296 "GET /api/v1/emotions/statistics/time-pattern/?time_range=week HTTP/1.1" 200 430
INFO 2025-06-22 20:37:40,491 basehttp 41232 6129741824 "GET /api/v1/emotions/statistics/overview/?time_range=week HTTP/1.1" 200 100
WARNING 2025-06-22 20:39:02,471 log 41232 6129741824 Not Found: /api/emotions/statistics/distribution/
WARNING 2025-06-22 20:39:02,471 basehttp 41232 6129741824 "GET /api/emotions/statistics/distribution/ HTTP/1.1" 404 3277
WARNING 2025-06-22 20:39:08,655 log 41232 6146568192 Not Found: /emotions/statistics/distribution/
WARNING 2025-06-22 20:39:08,656 basehttp 41232 6146568192 "GET /emotions/statistics/distribution/ HTTP/1.1" 404 3265
INFO 2025-06-22 20:40:33,718 basehttp 41232 6197047296 "GET /api/v1/emotions/statistics/distribution/?time_range=week HTTP/1.1" 200 555
INFO 2025-06-22 20:40:33,721 basehttp 41232 6213873664 "GET /api/v1/emotions/statistics/scenes/?time_range=week HTTP/1.1" 200 476
INFO 2025-06-22 20:40:33,727 basehttp 41232 6180220928 "GET /api/v1/emotions/statistics/trend/?time_range=week HTTP/1.1" 200 452
INFO 2025-06-22 20:40:33,730 basehttp 41232 6230700032 "GET /api/v1/emotions/statistics/time-pattern/?time_range=week HTTP/1.1" 200 430
INFO 2025-06-22 20:40:33,731 basehttp 41232 6163394560 "GET /api/v1/emotions/statistics/overview/?time_range=week HTTP/1.1" 200 100
INFO 2025-06-22 20:40:38,895 basehttp 41232 6180220928 "GET /api/v1/emotions/statistics/scenes/?time_range=week HTTP/1.1" 200 476
INFO 2025-06-22 20:40:38,902 basehttp 41232 6163394560 "GET /api/v1/emotions/statistics/distribution/?time_range=week HTTP/1.1" 200 555
INFO 2025-06-22 20:40:38,910 basehttp 41232 6146568192 "GET /api/v1/emotions/statistics/trend/?time_range=week HTTP/1.1" 200 452
INFO 2025-06-22 20:40:38,911 basehttp 41232 6129741824 "GET /api/v1/emotions/statistics/overview/?time_range=week HTTP/1.1" 200 100
INFO 2025-06-22 20:40:38,913 basehttp 41232 6197047296 "GET /api/v1/emotions/statistics/time-pattern/?time_range=week HTTP/1.1" 200 430
INFO 2025-06-22 20:46:02,950 autoreload 42228 8676056832 Watching for file changes with StatReloader
INFO 2025-06-22 20:46:09,607 basehttp 42228 6193573888 "GET /api/v1/emotions/statistics/distribution/?time_range=week HTTP/1.1" 200 555
INFO 2025-06-22 20:46:09,608 basehttp 42228 6210400256 "GET /api/v1/emotions/statistics/scenes/?time_range=week HTTP/1.1" 200 476
INFO 2025-06-22 20:46:09,616 basehttp 42228 6176747520 "GET /api/v1/emotions/statistics/trend/?time_range=week HTTP/1.1" 200 452
INFO 2025-06-22 20:46:09,620 basehttp 42228 6159921152 "GET /api/v1/emotions/statistics/overview/?time_range=week HTTP/1.1" 200 100
INFO 2025-06-22 20:46:09,620 basehttp 42228 6227226624 "GET /api/v1/emotions/statistics/time-pattern/?time_range=week HTTP/1.1" 200 430
INFO 2025-06-22 20:46:21,197 basehttp 42228 6210400256 "GET /api/v1/emotions/statistics/scenes/?time_range=week HTTP/1.1" 200 476
INFO 2025-06-22 20:46:21,202 basehttp 42228 6193573888 "GET /api/v1/emotions/statistics/distribution/?time_range=week HTTP/1.1" 200 555
INFO 2025-06-22 20:46:21,208 basehttp 42228 6176747520 "GET /api/v1/emotions/statistics/trend/?time_range=week HTTP/1.1" 200 452
INFO 2025-06-22 20:46:21,212 basehttp 42228 6227226624 "GET /api/v1/emotions/statistics/time-pattern/?time_range=week HTTP/1.1" 200 430
INFO 2025-06-22 20:46:21,212 basehttp 42228 6159921152 "GET /api/v1/emotions/statistics/overview/?time_range=week HTTP/1.1" 200 100
INFO 2025-06-22 20:48:46,526 basehttp 42228 6159921152 "POST /api/v1/auth/login/ HTTP/1.1" 200 498
INFO 2025-06-22 20:48:46,568 basehttp 42228 6176747520 "GET /api/v1/emotions/statistics/overview/?time_range=week HTTP/1.1" 200 100
INFO 2025-06-22 20:48:46,579 basehttp 42228 6193573888 "GET /api/v1/emotions/statistics/trend/?time_range=week HTTP/1.1" 200 452
INFO 2025-06-22 20:48:46,588 basehttp 42228 6210400256 "GET /api/v1/emotions/statistics/distribution/?time_range=week HTTP/1.1" 200 555
INFO 2025-06-22 20:48:46,596 basehttp 42228 6227226624 "GET /api/v1/emotions/statistics/scenes/?time_range=week HTTP/1.1" 200 476
INFO 2025-06-22 20:48:46,607 basehttp 42228 6244052992 "GET /api/v1/emotions/statistics/time-pattern/?time_range=week HTTP/1.1" 200 430
WARNING 2025-06-22 20:48:46,645 log 42228 6159921152 Not Found: /
WARNING 2025-06-22 20:48:46,645 basehttp 42228 6159921152 "GET / HTTP/1.1" 404 3148
INFO 2025-06-22 20:49:30,159 basehttp 42228 6210400256 "GET /api/v1/emotions/statistics/distribution/?time_range=week HTTP/1.1" 200 555
INFO 2025-06-22 20:49:30,165 basehttp 42228 6227226624 "GET /api/v1/emotions/statistics/scenes/?time_range=week HTTP/1.1" 200 476
INFO 2025-06-22 20:49:30,177 basehttp 42228 6260879360 "GET /api/v1/emotions/statistics/time-pattern/?time_range=week HTTP/1.1" 200 430
INFO 2025-06-22 20:49:30,177 basehttp 42228 6176747520 "GET /api/v1/emotions/statistics/overview/?time_range=week HTTP/1.1" 200 100
INFO 2025-06-22 20:49:30,177 basehttp 42228 6193573888 "GET /api/v1/emotions/statistics/trend/?time_range=week HTTP/1.1" 200 452
INFO 2025-06-22 20:49:55,752 autoreload 42460 8676056832 Watching for file changes with StatReloader
INFO 2025-06-22 20:50:02,541 basehttp 42460 6223523840 "GET /api/v1/emotions/statistics/distribution/?time_range=week HTTP/1.1" 200 555
INFO 2025-06-22 20:50:02,542 basehttp 42460 6240350208 "GET /api/v1/emotions/statistics/scenes/?time_range=week HTTP/1.1" 200 476
INFO 2025-06-22 20:50:02,552 basehttp 42460 6206697472 "GET /api/v1/emotions/statistics/trend/?time_range=week HTTP/1.1" 200 452
INFO 2025-06-22 20:50:02,557 basehttp 42460 6189871104 "GET /api/v1/emotions/statistics/overview/?time_range=week HTTP/1.1" 200 100
INFO 2025-06-22 20:50:02,557 basehttp 42460 6257176576 "GET /api/v1/emotions/statistics/time-pattern/?time_range=week HTTP/1.1" 200 430
INFO 2025-06-22 20:50:11,548 basehttp 42460 6189871104 "POST /api/v1/auth/login/ HTTP/1.1" 200 498
INFO 2025-06-22 20:50:11,586 basehttp 42460 6206697472 "GET /api/v1/emotions/statistics/overview/?time_range=week HTTP/1.1" 200 100
INFO 2025-06-22 20:50:11,597 basehttp 42460 6223523840 "GET /api/v1/emotions/statistics/trend/?time_range=week HTTP/1.1" 200 452
INFO 2025-06-22 20:50:11,605 basehttp 42460 6240350208 "GET /api/v1/emotions/statistics/distribution/?time_range=week HTTP/1.1" 200 555
INFO 2025-06-22 20:50:11,613 basehttp 42460 6257176576 "GET /api/v1/emotions/statistics/scenes/?time_range=week HTTP/1.1" 200 476
INFO 2025-06-22 20:50:11,625 basehttp 42460 6189871104 "GET /api/v1/emotions/statistics/time-pattern/?time_range=week HTTP/1.1" 200 430
WARNING 2025-06-22 20:50:11,649 log 42460 6206697472 Not Found: /
WARNING 2025-06-22 20:50:11,649 basehttp 42460 6206697472 "GET / HTTP/1.1" 404 3148
INFO 2025-06-22 20:51:54,949 basehttp 42460 6257176576 "GET /api/v1/emotions/statistics/distribution/?time_range=week HTTP/1.1" 200 555
INFO 2025-06-22 20:51:54,951 basehttp 42460 6274002944 "GET /api/v1/emotions/statistics/scenes/?time_range=week HTTP/1.1" 200 476
INFO 2025-06-22 20:51:54,961 basehttp 42460 6240350208 "GET /api/v1/emotions/statistics/trend/?time_range=week HTTP/1.1" 200 452
INFO 2025-06-22 20:51:54,963 basehttp 42460 6223523840 "GET /api/v1/emotions/statistics/overview/?time_range=week HTTP/1.1" 200 100
INFO 2025-06-22 20:51:54,964 basehttp 42460 6290829312 "GET /api/v1/emotions/statistics/time-pattern/?time_range=week HTTP/1.1" 200 430
WARNING 2025-06-22 20:54:32,602 log 42460 6189871104 Method Not Allowed: /api/v1/auth/login/
WARNING 2025-06-22 20:54:32,603 basehttp 42460 6189871104 "GET /api/v1/auth/login/ HTTP/1.1" 405 45
INFO 2025-06-22 20:54:32,759 basehttp 42460 6206697472 "POST /api/v1/auth/login/ HTTP/1.1" 200 498
INFO 2025-06-22 20:54:32,797 basehttp 42460 6223523840 "POST /api/v1/emotions/records/ HTTP/1.1" 201 550
INFO 2025-06-22 20:54:32,818 basehttp 42460 6240350208 "POST /api/v1/emotions/records/ HTTP/1.1" 201 553
INFO 2025-06-22 20:54:32,843 basehttp 42460 6257176576 "POST /api/v1/emotions/records/ HTTP/1.1" 201 532
INFO 2025-06-22 20:54:32,869 basehttp 42460 6189871104 "POST /api/v1/emotions/records/ HTTP/1.1" 201 547
INFO 2025-06-22 20:54:32,881 ai_service 42460 6206697472 千帆AI服务初始化成功 (API Key Bearer Token认证)
INFO 2025-06-22 20:54:58,966 ai_service 42460 6206697472 千帆API调用成功
INFO 2025-06-22 20:54:58,976 ai_service 42460 6206697472 AI增强分析完成，记录ID: 34
INFO 2025-06-22 20:54:58,987 basehttp 42460 6206697472 "POST /api/v1/ai/analyze/ HTTP/1.1" 200 5550
INFO 2025-06-22 20:54:59,024 ai_service 42460 6190444544 千帆AI服务初始化成功 (API Key Bearer Token认证)
INFO 2025-06-22 20:55:22,483 ai_service 42460 6190444544 千帆API调用成功
INFO 2025-06-22 20:55:22,490 ai_service 42460 6190444544 AI增强分析完成，记录ID: 34
INFO 2025-06-22 20:55:22,500 basehttp 42460 6190444544 "POST /api/v1/ai/analyze/ HTTP/1.1" 200 5570
INFO 2025-06-22 20:55:22,532 ai_service 42460 6207270912 千帆AI服务初始化成功 (API Key Bearer Token认证)
INFO 2025-06-22 20:55:51,983 ai_service 42460 6207270912 千帆API调用成功
INFO 2025-06-22 20:55:51,989 ai_service 42460 6207270912 AI增强分析完成，记录ID: 34
INFO 2025-06-22 20:55:51,994 basehttp 42460 6207270912 "POST /api/v1/ai/analyze/ HTTP/1.1" 200 5657
INFO 2025-06-22 20:55:52,009 ai_service 42460 6224097280 千帆AI服务初始化成功 (API Key Bearer Token认证)
INFO 2025-06-22 20:56:16,955 ai_service 42460 6224097280 千帆API调用成功
INFO 2025-06-22 20:56:16,962 ai_service 42460 6224097280 AI增强分析完成，记录ID: 34
INFO 2025-06-22 20:56:16,974 basehttp 42460 6224097280 "POST /api/v1/ai/analyze/ HTTP/1.1" 200 5701
INFO 2025-06-22 20:56:17,005 basehttp 42460 6240923648 "GET /api/v1/emotions/records/recent/ HTTP/1.1" 200 5098
INFO 2025-06-22 20:56:17,022 basehttp 42460 6257750016 "GET /api/v1/emotions/records/statistics/ HTTP/1.1" 200 691
INFO 2025-06-22 20:56:17,040 basehttp 42460 6190444544 "GET /api/v1/emotions/records/34/ HTTP/1.1" 200 550
INFO 2025-06-22 20:56:17,105 basehttp 42460 6207270912 "POST /api/v1/emotions/records/ HTTP/1.1" 201 456
INFO 2025-06-22 20:56:17,117 ai_service 42460 6224097280 千帆AI服务初始化成功 (API Key Bearer Token认证)
INFO 2025-06-22 20:56:41,280 ai_service 42460 6224097280 千帆API调用成功
INFO 2025-06-22 20:56:41,288 ai_service 42460 6224097280 AI增强分析完成，记录ID: 38
INFO 2025-06-22 20:56:41,302 basehttp 42460 6224097280 "POST /api/v1/ai/analyze/ HTTP/1.1" 200 5446
INFO 2025-06-22 20:56:41,337 basehttp 42460 6240923648 "POST /api/v1/emotions/records/ HTTP/1.1" 201 452
INFO 2025-06-22 20:56:41,350 ai_service 42460 6257750016 千帆AI服务初始化成功 (API Key Bearer Token认证)
INFO 2025-06-22 20:57:05,245 ai_service 42460 6257750016 千帆API调用成功
INFO 2025-06-22 20:57:05,253 ai_service 42460 6257750016 AI增强分析完成，记录ID: 39
INFO 2025-06-22 20:57:05,263 basehttp 42460 6257750016 "POST /api/v1/ai/analyze/ HTTP/1.1" 200 5538
INFO 2025-06-22 20:57:05,298 basehttp 42460 6190444544 "POST /api/v1/emotions/records/ HTTP/1.1" 201 456
INFO 2025-06-22 20:57:05,317 ai_service 42460 6207270912 千帆AI服务初始化成功 (API Key Bearer Token认证)
INFO 2025-06-22 20:57:31,635 ai_service 42460 6207270912 千帆API调用成功
INFO 2025-06-22 20:57:31,642 ai_service 42460 6207270912 AI增强分析完成，记录ID: 40
INFO 2025-06-22 20:57:31,654 basehttp 42460 6207270912 "POST /api/v1/ai/analyze/ HTTP/1.1" 200 5632
INFO 2025-06-22 20:57:31,688 basehttp 42460 6224097280 "POST /api/v1/emotions/records/ HTTP/1.1" 201 460
INFO 2025-06-22 20:57:31,703 ai_service 42460 6240923648 千帆AI服务初始化成功 (API Key Bearer Token认证)
INFO 2025-06-22 20:57:55,252 ai_service 42460 6240923648 千帆API调用成功
INFO 2025-06-22 20:57:55,259 ai_service 42460 6240923648 AI增强分析完成，记录ID: 41
INFO 2025-06-22 20:57:55,266 basehttp 42460 6240923648 "POST /api/v1/ai/analyze/ HTTP/1.1" 200 5530
INFO 2025-06-22 20:57:55,289 basehttp 42460 6190444544 "POST /api/v1/emotions/records/ HTTP/1.1" 201 454
INFO 2025-06-22 20:57:55,300 ai_service 42460 6207270912 千帆AI服务初始化成功 (API Key Bearer Token认证)
INFO 2025-06-22 20:58:21,198 ai_service 42460 6207270912 千帆API调用成功
INFO 2025-06-22 20:58:21,205 ai_service 42460 6207270912 AI增强分析完成，记录ID: 42
INFO 2025-06-22 20:58:21,217 basehttp 42460 6207270912 "POST /api/v1/ai/analyze/ HTTP/1.1" 200 5529
INFO 2025-06-22 20:58:21,247 basehttp 42460 6224097280 "POST /api/v1/emotions/records/ HTTP/1.1" 201 460
INFO 2025-06-22 20:58:21,262 ai_service 42460 6240923648 千帆AI服务初始化成功 (API Key Bearer Token认证)
INFO 2025-06-22 20:58:49,041 ai_service 42460 6240923648 千帆API调用成功
INFO 2025-06-22 20:58:49,048 ai_service 42460 6240923648 AI增强分析完成，记录ID: 43
INFO 2025-06-22 20:58:49,065 basehttp 42460 6240923648 "POST /api/v1/ai/analyze/ HTTP/1.1" 200 5579
INFO 2025-06-22 20:58:49,114 ai_service 42460 6190444544 千帆AI服务初始化成功 (API Key Bearer Token认证)
INFO 2025-06-22 20:59:13,694 ai_service 42460 6190444544 千帆API调用成功
INFO 2025-06-22 20:59:13,701 ai_service 42460 6190444544 AI增强分析完成，记录ID: 34
INFO 2025-06-22 20:59:13,713 basehttp 42460 6190444544 "POST /api/v1/ai/analyze/ HTTP/1.1" 200 5448
WARNING 2025-06-22 21:01:11,768 log 42460 6207270912 Not Found: /api/v1/accounts/login/
WARNING 2025-06-22 21:01:11,768 basehttp 42460 6207270912 "POST /api/v1/accounts/login/ HTTP/1.1" 404 3233
WARNING 2025-06-22 21:01:17,618 log 42460 6224097280 Not Found: /api/v1/accounts/login/
WARNING 2025-06-22 21:01:17,618 basehttp 42460 6224097280 "POST /api/v1/accounts/login/ HTTP/1.1" 404 3233
INFO 2025-06-22 21:06:38,558 basehttp 42460 6291402752 "GET /api/v1/emotions/statistics/scenes/?time_range=week HTTP/1.1" 200 476
INFO 2025-06-22 21:06:38,572 basehttp 42460 6274576384 "GET /api/v1/emotions/statistics/distribution/?time_range=week HTTP/1.1" 200 555
INFO 2025-06-22 21:06:38,573 basehttp 42460 6257750016 "GET /api/v1/emotions/statistics/trend/?time_range=week HTTP/1.1" 200 452
INFO 2025-06-22 21:06:38,578 basehttp 42460 6308229120 "GET /api/v1/emotions/statistics/time-pattern/?time_range=week HTTP/1.1" 200 430
INFO 2025-06-22 21:06:38,579 basehttp 42460 6240923648 "GET /api/v1/emotions/statistics/overview/?time_range=week HTTP/1.1" 200 100
INFO 2025-06-22 21:06:43,512 basehttp 42460 6190444544 "GET /api/v1/emotions/records/?limit=10 HTTP/1.1" 200 9868
INFO 2025-06-22 21:06:43,516 basehttp 42460 6190444544 "OPTIONS /api/v1/ai/analyze/ HTTP/1.1" 200 0
INFO 2025-06-22 21:06:43,524 ai_service 42460 6190444544 千帆AI服务初始化成功 (API Key Bearer Token认证)
INFO 2025-06-22 21:06:47,269 basehttp 42460 6207270912 "GET /api/v1/emotions/records/?limit=10 HTTP/1.1" 200 9868
INFO 2025-06-22 21:06:47,298 ai_service 42460 6207270912 千帆AI服务初始化成功 (API Key Bearer Token认证)
ERROR 2025-06-22 21:07:13,581 ai_service 42460 6190444544 千帆API调用超时
INFO 2025-06-22 21:07:13,587 ai_service 42460 6190444544 AI增强分析完成，记录ID: 43
INFO 2025-06-22 21:07:13,597 basehttp 42460 6190444544 "POST /api/v1/ai/analyze/ HTTP/1.1" 200 4726
INFO 2025-06-22 21:07:16,775 ai_service 42460 6207270912 千帆API调用成功
INFO 2025-06-22 21:07:16,775 ai_service 42460 6207270912 AI增强分析完成，记录ID: 43
INFO 2025-06-22 21:07:16,790 basehttp 42460 6207270912 "POST /api/v1/ai/analyze/ HTTP/1.1" 200 5609
INFO 2025-06-22 21:10:32,972 basehttp 42460 6207270912 "GET /api/v1/emotions/records/?date=2025-06-22 HTTP/1.1" 200 9875
INFO 2025-06-22 21:10:32,972 basehttp 42460 6224097280 "GET /api/v1/emotions/records/?limit=10 HTTP/1.1" 200 9868
INFO 2025-06-22 21:10:36,953 basehttp 42460 6190444544 "GET /api/v1/emotions/statistics/scenes/?time_range=week HTTP/1.1" 200 476
INFO 2025-06-22 21:10:36,954 basehttp 42460 6240923648 "GET /api/v1/emotions/statistics/distribution/?time_range=week HTTP/1.1" 200 555
INFO 2025-06-22 21:10:36,972 basehttp 42460 6224097280 "GET /api/v1/emotions/statistics/trend/?time_range=week HTTP/1.1" 200 452
INFO 2025-06-22 21:10:36,973 basehttp 42460 6207270912 "GET /api/v1/emotions/statistics/overview/?time_range=week HTTP/1.1" 200 100
INFO 2025-06-22 21:10:36,977 basehttp 42460 6257750016 "GET /api/v1/emotions/statistics/time-pattern/?time_range=week HTTP/1.1" 200 430
INFO 2025-06-22 21:12:40,109 basehttp 42460 6207270912 "GET /api/v1/emotions/records/?limit=10 HTTP/1.1" 200 9868
INFO 2025-06-22 21:12:40,117 ai_service 42460 6207270912 千帆AI服务初始化成功 (API Key Bearer Token认证)
INFO 2025-06-22 21:12:52,141 basehttp 42460 6224097280 "GET /api/v1/emotions/records/?limit=10 HTTP/1.1" 200 9868
INFO 2025-06-22 21:12:52,150 ai_service 42460 6224097280 千帆AI服务初始化成功 (API Key Bearer Token认证)
ERROR 2025-06-22 21:13:10,162 ai_service 42460 6207270912 千帆API调用超时
INFO 2025-06-22 21:13:10,169 ai_service 42460 6207270912 AI增强分析完成，记录ID: 43
INFO 2025-06-22 21:13:10,176 basehttp 42460 6207270912 "POST /api/v1/ai/analyze/ HTTP/1.1" 200 4726
INFO 2025-06-22 21:13:17,097 ai_service 42460 6224097280 千帆API调用成功
INFO 2025-06-22 21:13:17,098 ai_service 42460 6224097280 AI增强分析完成，记录ID: 43
INFO 2025-06-22 21:13:17,116 basehttp 42460 6224097280 "POST /api/v1/ai/analyze/ HTTP/1.1" 200 5461
INFO 2025-06-22 21:14:56,247 basehttp 42460 6224097280 "GET /api/v1/emotions/records/?limit=10 HTTP/1.1" 200 9868
INFO 2025-06-22 21:14:56,247 basehttp 42460 6190444544 "GET /api/v1/emotions/records/?date=2025-06-22 HTTP/1.1" 200 9875
INFO 2025-06-22 21:15:04,789 basehttp 42460 6240923648 "GET /api/v1/emotions/statistics/scenes/?time_range=week HTTP/1.1" 200 476
INFO 2025-06-22 21:15:04,791 basehttp 42460 6224097280 "GET /api/v1/emotions/statistics/distribution/?time_range=week HTTP/1.1" 200 555
INFO 2025-06-22 21:15:04,802 basehttp 42460 6207270912 "GET /api/v1/emotions/statistics/trend/?time_range=week HTTP/1.1" 200 452
INFO 2025-06-22 21:15:04,805 basehttp 42460 6190444544 "GET /api/v1/emotions/statistics/overview/?time_range=week HTTP/1.1" 200 100
INFO 2025-06-22 21:15:04,807 basehttp 42460 6257750016 "GET /api/v1/emotions/statistics/time-pattern/?time_range=week HTTP/1.1" 200 430
INFO 2025-06-22 21:15:06,090 basehttp 42460 6257750016 "GET /api/v1/emotions/records/?limit=10 HTTP/1.1" 200 9868
INFO 2025-06-22 21:15:06,105 ai_service 42460 6257750016 千帆AI服务初始化成功 (API Key Bearer Token认证)
INFO 2025-06-22 21:15:34,528 ai_service 42460 6257750016 千帆API调用成功
INFO 2025-06-22 21:15:34,536 ai_service 42460 6257750016 AI增强分析完成，记录ID: 43
INFO 2025-06-22 21:15:34,558 basehttp 42460 6257750016 "POST /api/v1/ai/analyze/ HTTP/1.1" 200 5539
INFO 2025-06-22 21:18:26,515 ai_service 43460 8676056832 千帆AI服务初始化成功 (API Key Bearer Token认证)
INFO 2025-06-22 21:18:32,772 basehttp 42460 6190444544 "POST /api/v1/auth/login/ HTTP/1.1" 200 498
INFO 2025-06-22 21:18:32,813 basehttp 42460 6207270912 "POST /api/v1/emotions/records/ HTTP/1.1" 201 582
INFO 2025-06-22 21:18:32,840 ai_service 42460 6224097280 千帆AI服务初始化成功 (API Key Bearer Token认证)
INFO 2025-06-22 21:18:54,123 ai_service 42460 6224097280 千帆API调用成功
INFO 2025-06-22 21:18:54,129 ai_service 42460 6224097280 AI增强分析完成，记录ID: 44
INFO 2025-06-22 21:18:54,137 basehttp 42460 6224097280 "POST /api/v1/ai/analyze/ HTTP/1.1" 200 5551
INFO 2025-06-22 21:27:07,508 basehttp 42460 6207270912 "GET /api/v1/emotions/records/?limit=10 HTTP/1.1" 200 9903
INFO 2025-06-22 21:27:07,508 basehttp 42460 6190444544 "GET /api/v1/emotions/records/?date=2025-06-22 HTTP/1.1" 200 9910
INFO 2025-06-22 21:27:23,873 basehttp 42460 6224097280 "GET /api/v1/emotions/records/?date=2025-06-22 HTTP/1.1" 200 9910
INFO 2025-06-22 21:27:23,873 basehttp 42460 6240923648 "GET /api/v1/emotions/records/?limit=10 HTTP/1.1" 200 9903
INFO 2025-06-22 21:27:45,150 basehttp 42460 6207270912 "GET /api/v1/emotions/records/?limit=10 HTTP/1.1" 200 9903
INFO 2025-06-22 21:27:45,156 basehttp 42460 6190444544 "GET /api/v1/emotions/records/?date=2025-06-22 HTTP/1.1" 200 9910
INFO 2025-06-22 21:27:58,671 basehttp 42460 6190444544 "GET /api/v1/emotions/records/?date=2025-06-22 HTTP/1.1" 200 9910
INFO 2025-06-22 21:27:58,673 basehttp 42460 6207270912 "GET /api/v1/emotions/records/?limit=10 HTTP/1.1" 200 9903
INFO 2025-06-22 21:28:19,156 basehttp 42460 6240923648 "GET /api/v1/emotions/records/?limit=10 HTTP/1.1" 200 9903
INFO 2025-06-22 21:28:19,156 basehttp 42460 6224097280 "GET /api/v1/emotions/records/?date=2025-06-22 HTTP/1.1" 200 9910
INFO 2025-06-22 21:32:05,709 basehttp 42460 6190444544 "GET /api/v1/emotions/records/?date=2025-06-22 HTTP/1.1" 200 9910
INFO 2025-06-22 21:32:05,709 basehttp 42460 6207270912 "GET /api/v1/emotions/records/?limit=10 HTTP/1.1" 200 9903
INFO 2025-06-22 21:32:13,318 basehttp 42460 6240923648 "GET /api/v1/emotions/statistics/scenes/?time_range=week HTTP/1.1" 200 478
INFO 2025-06-22 21:32:13,350 basehttp 42460 6224097280 "GET /api/v1/emotions/statistics/distribution/?time_range=week HTTP/1.1" 200 555
INFO 2025-06-22 21:32:13,356 basehttp 42460 6207270912 "GET /api/v1/emotions/statistics/trend/?time_range=week HTTP/1.1" 200 452
INFO 2025-06-22 21:32:13,365 basehttp 42460 6257750016 "GET /api/v1/emotions/statistics/time-pattern/?time_range=week HTTP/1.1" 200 431
INFO 2025-06-22 21:32:13,366 basehttp 42460 6190444544 "GET /api/v1/emotions/statistics/overview/?time_range=week HTTP/1.1" 200 100
INFO 2025-06-22 21:32:22,675 basehttp 42460 6240923648 "GET /api/v1/emotions/statistics/scenes/?time_range=month HTTP/1.1" 200 478
INFO 2025-06-22 21:32:22,675 basehttp 42460 6224097280 "GET /api/v1/emotions/statistics/distribution/?time_range=month HTTP/1.1" 200 555
INFO 2025-06-22 21:32:22,688 basehttp 42460 6257750016 "GET /api/v1/emotions/statistics/time-pattern/?time_range=month HTTP/1.1" 200 431
INFO 2025-06-22 21:32:22,692 basehttp 42460 6190444544 "GET /api/v1/emotions/statistics/overview/?time_range=month HTTP/1.1" 200 100
INFO 2025-06-22 21:32:22,700 basehttp 42460 6207270912 "GET /api/v1/emotions/statistics/trend/?time_range=month HTTP/1.1" 200 1733
INFO 2025-06-22 21:32:26,180 basehttp 42460 6224097280 "GET /api/v1/emotions/statistics/distribution/?time_range=quarter HTTP/1.1" 200 555
INFO 2025-06-22 21:32:26,183 basehttp 42460 6240923648 "GET /api/v1/emotions/statistics/scenes/?time_range=quarter HTTP/1.1" 200 478
INFO 2025-06-22 21:32:26,193 basehttp 42460 6207270912 "GET /api/v1/emotions/statistics/trend/?time_range=quarter HTTP/1.1" 200 445
INFO 2025-06-22 21:32:26,194 basehttp 42460 6190444544 "GET /api/v1/emotions/statistics/overview/?time_range=quarter HTTP/1.1" 200 100
INFO 2025-06-22 21:32:26,195 basehttp 42460 6257750016 "GET /api/v1/emotions/statistics/time-pattern/?time_range=quarter HTTP/1.1" 200 431
INFO 2025-06-22 21:32:27,482 basehttp 42460 6240923648 "GET /api/v1/emotions/statistics/scenes/?time_range=week HTTP/1.1" 200 478
INFO 2025-06-22 21:32:27,488 basehttp 42460 6207270912 "GET /api/v1/emotions/statistics/distribution/?time_range=week HTTP/1.1" 200 555
INFO 2025-06-22 21:32:27,503 basehttp 42460 6190444544 "GET /api/v1/emotions/statistics/trend/?time_range=week HTTP/1.1" 200 452
INFO 2025-06-22 21:32:27,506 basehttp 42460 6257750016 "GET /api/v1/emotions/statistics/overview/?time_range=week HTTP/1.1" 200 100
INFO 2025-06-22 21:32:27,507 basehttp 42460 6224097280 "GET /api/v1/emotions/statistics/time-pattern/?time_range=week HTTP/1.1" 200 431
WARNING 2025-06-22 21:33:59,430 log 42460 6190444544 Not Found: /api/accounts/users/
WARNING 2025-06-22 21:33:59,431 basehttp 42460 6190444544 "GET /api/accounts/users/ HTTP/1.1" 404 3223
INFO 2025-06-22 21:36:23,468 basehttp 42460 6224097280 "GET /api/v1/emotions/records/?limit=10 HTTP/1.1" 200 9903
INFO 2025-06-22 21:36:23,469 basehttp 42460 6207270912 "GET /api/v1/emotions/records/?date=2025-06-22 HTTP/1.1" 200 9910
INFO 2025-06-22 21:37:45,445 basehttp 42460 6207270912 "GET /api/v1/emotions/records/?limit=10 HTTP/1.1" 200 9903
INFO 2025-06-22 21:37:45,446 basehttp 42460 6190444544 "GET /api/v1/emotions/records/?date=2025-06-22 HTTP/1.1" 200 9910
INFO 2025-06-22 21:37:45,593 basehttp 42460 6190444544 "GET /api/v1/emotions/records/?date=2025-06-22 HTTP/1.1" 200 9910
INFO 2025-06-22 21:37:45,597 basehttp 42460 6207270912 "GET /api/v1/emotions/records/?limit=10 HTTP/1.1" 200 9903
WARNING 2025-06-22 21:38:02,566 log 42460 6190444544 Forbidden: /api/v1/auth/profile/
WARNING 2025-06-22 21:38:02,566 basehttp 42460 6190444544 "GET /api/v1/auth/profile/ HTTP/1.1" 403 34
INFO 2025-06-22 21:40:34,319 basehttp 42460 6207270912 "OPTIONS /api/v1/emotions/records/?date=2025-06-22 HTTP/1.1" 200 0
INFO 2025-06-22 21:40:34,320 basehttp 42460 6224097280 "OPTIONS /api/v1/emotions/records/?limit=10 HTTP/1.1" 200 0
INFO 2025-06-22 21:40:34,355 basehttp 42460 6224097280 "GET /api/v1/emotions/records/?limit=10 HTTP/1.1" 200 9903
INFO 2025-06-22 21:40:34,355 basehttp 42460 6207270912 "GET /api/v1/emotions/records/?date=2025-06-22 HTTP/1.1" 200 9910
INFO 2025-06-22 21:42:06,688 basehttp 42460 6207270912 "GET /api/v1/emotions/records/?limit=10 HTTP/1.1" 200 9903
INFO 2025-06-22 21:42:06,688 basehttp 42460 6190444544 "GET /api/v1/emotions/records/?date=2025-06-22 HTTP/1.1" 200 9910
INFO 2025-06-22 21:42:21,483 basehttp 42460 6224097280 "OPTIONS /api/v1/emotions/records/ HTTP/1.1" 200 0
INFO 2025-06-22 21:42:21,509 basehttp 42460 6224097280 "POST /api/v1/emotions/records/ HTTP/1.1" 201 458
INFO 2025-06-22 21:42:23,163 basehttp 42460 6224097280 "GET /api/v1/emotions/records/?limit=10 HTTP/1.1" 200 9905
INFO 2025-06-22 21:42:23,184 ai_service 42460 6224097280 千帆AI服务初始化成功 (API Key Bearer Token认证)
INFO 2025-06-22 21:42:51,875 ai_service 42460 6224097280 千帆API调用成功
INFO 2025-06-22 21:42:51,884 ai_service 42460 6224097280 AI增强分析完成，记录ID: 45
INFO 2025-06-22 21:42:51,902 basehttp 42460 6224097280 "POST /api/v1/ai/analyze/ HTTP/1.1" 200 5414
INFO 2025-06-22 21:43:10,457 basehttp 42460 6190444544 "OPTIONS /api/v1/ai/analyses/?page=1&page_size=10 HTTP/1.1" 200 0
INFO 2025-06-22 21:43:10,472 basehttp 42460 6190444544 "GET /api/v1/ai/analyses/?page=1&page_size=10 HTTP/1.1" 200 114064
INFO 2025-06-22 21:44:24,442 basehttp 42460 6190444544 "OPTIONS /api/v1/auth/login/ HTTP/1.1" 200 0
INFO 2025-06-22 21:44:24,605 basehttp 42460 6190444544 "POST /api/v1/auth/login/ HTTP/1.1" 200 498
INFO 2025-06-22 21:44:26,145 basehttp 42460 6190444544 "GET /api/v1/emotions/records/?date=2025-06-22 HTTP/1.1" 200 9912
INFO 2025-06-22 21:44:26,153 basehttp 42460 6207270912 "GET /api/v1/emotions/records/?limit=10 HTTP/1.1" 200 9905
INFO 2025-06-22 21:44:35,703 basehttp 42460 6240923648 "GET /api/v1/emotions/statistics/scenes/?time_range=week HTTP/1.1" 200 478
INFO 2025-06-22 21:44:35,706 basehttp 42460 6224097280 "GET /api/v1/emotions/statistics/distribution/?time_range=week HTTP/1.1" 200 555
INFO 2025-06-22 21:44:35,714 basehttp 42460 6207270912 "GET /api/v1/emotions/statistics/trend/?time_range=week HTTP/1.1" 200 452
INFO 2025-06-22 21:44:35,719 basehttp 42460 6257750016 "GET /api/v1/emotions/statistics/time-pattern/?time_range=week HTTP/1.1" 200 431
INFO 2025-06-22 21:44:35,720 basehttp 42460 6190444544 "GET /api/v1/emotions/statistics/overview/?time_range=week HTTP/1.1" 200 100
INFO 2025-06-22 21:47:12,194 basehttp 42460 6240923648 "GET /api/v1/emotions/statistics/scenes/?time_range=week HTTP/1.1" 200 478
INFO 2025-06-22 21:47:12,202 basehttp 42460 6224097280 "GET /api/v1/emotions/statistics/distribution/?time_range=week HTTP/1.1" 200 555
INFO 2025-06-22 21:47:12,216 basehttp 42460 6207270912 "GET /api/v1/emotions/statistics/trend/?time_range=week HTTP/1.1" 200 452
INFO 2025-06-22 21:47:12,216 basehttp 42460 6257750016 "GET /api/v1/emotions/statistics/time-pattern/?time_range=week HTTP/1.1" 200 431
INFO 2025-06-22 21:47:12,218 basehttp 42460 6190444544 "GET /api/v1/emotions/statistics/overview/?time_range=week HTTP/1.1" 200 100
INFO 2025-06-22 21:47:12,436 basehttp 42460 6224097280 "GET /api/v1/emotions/statistics/scenes/?time_range=week HTTP/1.1" 200 478
INFO 2025-06-22 21:47:12,437 basehttp 42460 6207270912 "GET /api/v1/emotions/statistics/distribution/?time_range=week HTTP/1.1" 200 555
INFO 2025-06-22 21:47:12,446 basehttp 42460 6257750016 "GET /api/v1/emotions/statistics/trend/?time_range=week HTTP/1.1" 200 452
INFO 2025-06-22 21:47:12,451 basehttp 42460 6190444544 "GET /api/v1/emotions/statistics/overview/?time_range=week HTTP/1.1" 200 100
INFO 2025-06-22 21:47:12,452 basehttp 42460 6240923648 "GET /api/v1/emotions/statistics/time-pattern/?time_range=week HTTP/1.1" 200 431
INFO 2025-06-22 21:47:53,450 autoreload 44137 8676056832 Watching for file changes with StatReloader
INFO 2025-06-22 21:48:00,244 basehttp 44137 6358691840 "GET /api/v1/emotions/statistics/scenes/?time_range=week HTTP/1.1" 200 478
INFO 2025-06-22 21:48:00,245 basehttp 44137 6341865472 "GET /api/v1/emotions/statistics/distribution/?time_range=week HTTP/1.1" 200 555
INFO 2025-06-22 21:48:00,251 basehttp 44137 6325039104 "GET /api/v1/emotions/statistics/trend/?time_range=week HTTP/1.1" 200 452
INFO 2025-06-22 21:48:00,257 basehttp 44137 6375518208 "GET /api/v1/emotions/statistics/time-pattern/?time_range=week HTTP/1.1" 200 431
INFO 2025-06-22 21:48:00,257 basehttp 44137 6170095616 "GET /api/v1/emotions/statistics/overview/?time_range=week HTTP/1.1" 200 100
INFO 2025-06-22 21:49:11,502 basehttp 44137 6358691840 "GET /api/v1/emotions/statistics/scenes/?time_range=week HTTP/1.1" 200 478
INFO 2025-06-22 21:49:11,507 basehttp 44137 6341865472 "GET /api/v1/emotions/statistics/distribution/?time_range=week HTTP/1.1" 200 555
INFO 2025-06-22 21:49:11,512 basehttp 44137 6325039104 "GET /api/v1/emotions/statistics/trend/?time_range=week HTTP/1.1" 200 452
INFO 2025-06-22 21:49:11,518 basehttp 44137 6375518208 "GET /api/v1/emotions/statistics/time-pattern/?time_range=week HTTP/1.1" 200 431
INFO 2025-06-22 21:49:11,519 basehttp 44137 6170095616 "GET /api/v1/emotions/statistics/overview/?time_range=week HTTP/1.1" 200 100
INFO 2025-06-22 21:51:21,272 autoreload 44137 8676056832 /Volumes/PSSD/情绪日记/backend/accounts/models.py changed, reloading.
INFO 2025-06-22 21:51:21,756 autoreload 44390 8676056832 Watching for file changes with StatReloader
INFO 2025-06-22 21:52:08,952 autoreload 44390 8676056832 /Volumes/PSSD/情绪日记/backend/accounts/models.py changed, reloading.
INFO 2025-06-22 21:52:09,397 autoreload 44406 8676056832 Watching for file changes with StatReloader
INFO 2025-06-22 21:52:51,525 autoreload 44406 8676056832 /Volumes/PSSD/情绪日记/backend/accounts/serializers.py changed, reloading.
INFO 2025-06-22 21:52:51,959 autoreload 44415 8676056832 Watching for file changes with StatReloader
INFO 2025-06-22 21:54:38,246 autoreload 44415 8676056832 /Volumes/PSSD/情绪日记/backend/accounts/views.py changed, reloading.
INFO 2025-06-22 21:54:38,706 autoreload 44455 8676056832 Watching for file changes with StatReloader
INFO 2025-06-22 21:54:58,183 autoreload 44455 8676056832 /Volumes/PSSD/情绪日记/backend/accounts/urls.py changed, reloading.
INFO 2025-06-22 21:54:58,615 autoreload 44471 8676056832 Watching for file changes with StatReloader
INFO 2025-06-22 22:05:24,712 autoreload 44471 8676056832 /Volumes/PSSD/情绪日记/backend/accounts/models.py changed, reloading.
INFO 2025-06-22 22:05:25,186 autoreload 44709 8676056832 Watching for file changes with StatReloader
INFO 2025-06-22 22:05:31,819 autoreload 44709 8676056832 /Volumes/PSSD/情绪日记/backend/accounts/models.py changed, reloading.
INFO 2025-06-22 22:05:32,169 autoreload 44721 8676056832 Watching for file changes with StatReloader
INFO 2025-06-22 22:08:33,564 autoreload 44856 8676056832 Watching for file changes with StatReloader
INFO 2025-06-22 22:11:39,330 basehttp 44856 6124974080 "OPTIONS /api/v1/auth/sms/send/ HTTP/1.1" 200 0
INFO 2025-06-22 22:11:39,360 services 44856 6124974080 [模拟短信] 手机号: 13800138000, 验证码: 629128, 用途: login
INFO 2025-06-22 22:11:39,361 services 44856 6124974080 验证码发送成功: 13800138000 - 629128 (login)
INFO 2025-06-22 22:11:39,361 basehttp 44856 6124974080 "POST /api/v1/auth/sms/send/ HTTP/1.1" 200 90
INFO 2025-06-22 22:11:48,028 basehttp 44856 6124974080 "OPTIONS /api/v1/auth/phone/login/ HTTP/1.1" 200 0
INFO 2025-06-22 22:11:48,069 basehttp 44856 6124974080 "POST /api/v1/auth/phone/login/ HTTP/1.1" 200 487
INFO 2025-06-22 22:11:49,692 basehttp 44856 6124974080 "OPTIONS /api/v1/emotions/records/today/ HTTP/1.1" 200 0
INFO 2025-06-22 22:11:49,692 basehttp 44856 6141800448 "OPTIONS /api/v1/emotions/records/recent/ HTTP/1.1" 200 0
INFO 2025-06-22 22:11:49,700 basehttp 44856 6124974080 "GET /api/v1/emotions/records/today/ HTTP/1.1" 200 2
INFO 2025-06-22 22:11:49,700 basehttp 44856 6141800448 "GET /api/v1/emotions/records/recent/ HTTP/1.1" 200 2
INFO 2025-06-22 22:11:53,069 basehttp 44856 6325039104 "GET /api/v1/emotions/statistics/scenes/?time_range=week HTTP/1.1" 200 26
INFO 2025-06-22 22:11:53,070 basehttp 44856 6158626816 "GET /api/v1/emotions/statistics/distribution/?time_range=week HTTP/1.1" 200 26
INFO 2025-06-22 22:11:53,071 basehttp 44856 6124974080 "GET /api/v1/emotions/statistics/overview/?time_range=week HTTP/1.1" 200 97
INFO 2025-06-22 22:11:53,073 basehttp 44856 6141800448 "GET /api/v1/emotions/statistics/trend/?time_range=week HTTP/1.1" 200 424
INFO 2025-06-22 22:11:53,074 basehttp 44856 6341865472 "GET /api/v1/emotions/statistics/time-pattern/?time_range=week HTTP/1.1" 200 408
INFO 2025-06-22 22:12:11,675 basehttp 44856 6124974080 "OPTIONS /api/v1/auth/wechat/login/ HTTP/1.1" 200 0
INFO 2025-06-22 22:12:11,679 services 44856 6124974080 [模拟微信登录] 授权码: mock_code_1750601531672
INFO 2025-06-22 22:12:11,721 basehttp 44856 6124974080 "POST /api/v1/auth/wechat/login/ HTTP/1.1" 200 476
INFO 2025-06-22 22:12:13,256 basehttp 44856 6141800448 "GET /api/v1/emotions/records/today/ HTTP/1.1" 200 2
INFO 2025-06-22 22:12:13,256 basehttp 44856 6158626816 "GET /api/v1/emotions/records/recent/ HTTP/1.1" 200 2
INFO 2025-06-22 22:12:27,903 services 44856 6325039104 [模拟微信登录] 授权码: mock_code_1750601547898
ERROR 2025-06-22 22:12:27,918 services 44856 6325039104 微信用户创建失败: UNIQUE constraint failed: users.username
WARNING 2025-06-22 22:12:27,918 log 44856 6325039104 Bad Request: /api/v1/auth/wechat/login/
WARNING 2025-06-22 22:12:27,918 basehttp 44856 6325039104 "POST /api/v1/auth/wechat/login/ HTTP/1.1" 400 30
INFO 2025-06-22 22:12:29,691 services 44856 6325039104 [模拟微信登录] 授权码: mock_code_1750601549687
ERROR 2025-06-22 22:12:29,695 services 44856 6325039104 微信用户创建失败: UNIQUE constraint failed: users.username
WARNING 2025-06-22 22:12:29,696 log 44856 6325039104 Bad Request: /api/v1/auth/wechat/login/
WARNING 2025-06-22 22:12:29,696 basehttp 44856 6325039104 "POST /api/v1/auth/wechat/login/ HTTP/1.1" 400 30
INFO 2025-06-22 22:59:36,530 services 44856 6124974080 [模拟微信登录] 授权码: mock_code_1750604376514
ERROR 2025-06-22 22:59:36,593 services 44856 6124974080 微信用户创建失败: UNIQUE constraint failed: users.username
WARNING 2025-06-22 22:59:36,594 log 44856 6124974080 Bad Request: /api/v1/auth/wechat/login/
WARNING 2025-06-22 22:59:36,594 basehttp 44856 6124974080 "POST /api/v1/auth/wechat/login/ HTTP/1.1" 400 30
INFO 2025-06-22 22:59:40,866 services 44856 6141800448 [模拟微信登录] 授权码: mock_code_1750604380860
ERROR 2025-06-22 22:59:40,872 services 44856 6141800448 微信用户创建失败: UNIQUE constraint failed: users.username
WARNING 2025-06-22 22:59:40,872 log 44856 6141800448 Bad Request: /api/v1/auth/wechat/login/
WARNING 2025-06-22 22:59:40,873 basehttp 44856 6141800448 "POST /api/v1/auth/wechat/login/ HTTP/1.1" 400 30
INFO 2025-06-22 22:59:42,023 services 44856 6141800448 [模拟微信登录] 授权码: mock_code_1750604382018
ERROR 2025-06-22 22:59:42,027 services 44856 6141800448 微信用户创建失败: UNIQUE constraint failed: users.username
WARNING 2025-06-22 22:59:42,028 log 44856 6141800448 Bad Request: /api/v1/auth/wechat/login/
WARNING 2025-06-22 22:59:42,028 basehttp 44856 6141800448 "POST /api/v1/auth/wechat/login/ HTTP/1.1" 400 30
INFO 2025-06-22 22:59:42,772 services 44856 6141800448 [模拟微信登录] 授权码: mock_code_1750604382769
ERROR 2025-06-22 22:59:42,774 services 44856 6141800448 微信用户创建失败: UNIQUE constraint failed: users.username
WARNING 2025-06-22 22:59:42,774 log 44856 6141800448 Bad Request: /api/v1/auth/wechat/login/
WARNING 2025-06-22 22:59:42,774 basehttp 44856 6141800448 "POST /api/v1/auth/wechat/login/ HTTP/1.1" 400 30
INFO 2025-06-22 23:00:37,300 autoreload 44856 8676056832 /Volumes/PSSD/情绪日记/backend/accounts/services.py changed, reloading.
INFO 2025-06-22 23:00:37,778 autoreload 46033 8676056832 Watching for file changes with StatReloader
INFO 2025-06-22 23:00:46,547 autoreload 46033 8676056832 /Volumes/PSSD/情绪日记/backend/accounts/services.py changed, reloading.
INFO 2025-06-22 23:00:46,912 autoreload 46036 8676056832 Watching for file changes with StatReloader
INFO 2025-06-22 23:00:57,796 autoreload 46036 8676056832 /Volumes/PSSD/情绪日记/backend/accounts/serializers.py changed, reloading.
INFO 2025-06-22 23:00:58,217 autoreload 46039 8676056832 Watching for file changes with StatReloader
INFO 2025-06-22 23:01:11,867 autoreload 46080 8676056832 Watching for file changes with StatReloader
INFO 2025-06-22 23:02:27,239 services 46080 6166818816 [模拟微信登录] 授权码: test_code_123
INFO 2025-06-22 23:02:27,270 basehttp 46080 6166818816 "POST /api/v1/auth/wechat/login/ HTTP/1.1" 200 466
INFO 2025-06-22 23:02:33,102 services 46080 6166818816 [模拟微信登录] 授权码: test_code_456
INFO 2025-06-22 23:02:33,136 basehttp 46080 6166818816 "POST /api/v1/auth/wechat/login/ HTTP/1.1" 200 466
INFO 2025-06-22 23:03:27,109 services 46080 6183645184 [模拟微信登录] 授权码: mock_code_1750604607101
INFO 2025-06-22 23:03:27,159 basehttp 46080 6183645184 "POST /api/v1/auth/wechat/login/ HTTP/1.1" 200 478
INFO 2025-06-22 23:03:28,793 basehttp 46080 6183645184 "GET /api/v1/emotions/records/today/ HTTP/1.1" 200 2
INFO 2025-06-22 23:03:28,794 basehttp 46080 6200471552 "GET /api/v1/emotions/records/recent/ HTTP/1.1" 200 2
INFO 2025-06-22 23:03:34,859 basehttp 46080 6200471552 "OPTIONS /api/v1/emotions/statistics/overview/?time_range=week HTTP/1.1" 200 0
INFO 2025-06-22 23:03:34,859 basehttp 46080 6166818816 "OPTIONS /api/v1/emotions/statistics/distribution/?time_range=week HTTP/1.1" 200 0
INFO 2025-06-22 23:03:34,860 basehttp 46080 6183645184 "OPTIONS /api/v1/emotions/statistics/trend/?time_range=week HTTP/1.1" 200 0
INFO 2025-06-22 23:03:34,861 basehttp 46080 6217297920 "OPTIONS /api/v1/emotions/statistics/scenes/?time_range=week HTTP/1.1" 200 0
INFO 2025-06-22 23:03:34,864 basehttp 46080 6234124288 "OPTIONS /api/v1/emotions/statistics/time-pattern/?time_range=week HTTP/1.1" 200 0
INFO 2025-06-22 23:03:34,873 basehttp 46080 6217297920 "GET /api/v1/emotions/statistics/scenes/?time_range=week HTTP/1.1" 200 26
INFO 2025-06-22 23:03:34,874 basehttp 46080 6166818816 "GET /api/v1/emotions/statistics/distribution/?time_range=week HTTP/1.1" 200 26
INFO 2025-06-22 23:03:34,876 basehttp 46080 6200471552 "GET /api/v1/emotions/statistics/overview/?time_range=week HTTP/1.1" 200 97
INFO 2025-06-22 23:03:34,878 basehttp 46080 6183645184 "GET /api/v1/emotions/statistics/trend/?time_range=week HTTP/1.1" 200 424
INFO 2025-06-22 23:03:34,879 basehttp 46080 6234124288 "GET /api/v1/emotions/statistics/time-pattern/?time_range=week HTTP/1.1" 200 408
INFO 2025-06-22 23:15:39,347 basehttp 46080 6166818816 "GET /api/v1/emotions/records/today/ HTTP/1.1" 200 2
INFO 2025-06-22 23:15:39,348 basehttp 46080 6183645184 "GET /api/v1/emotions/records/recent/ HTTP/1.1" 200 2
INFO 2025-06-22 23:15:41,142 basehttp 46080 6200471552 "GET /api/v1/emotions/records/today/ HTTP/1.1" 200 2
INFO 2025-06-22 23:15:41,143 basehttp 46080 6217297920 "GET /api/v1/emotions/records/recent/ HTTP/1.1" 200 2
INFO 2025-06-22 23:21:37,901 basehttp 46080 6250950656 "GET /api/v1/emotions/records/recent/ HTTP/1.1" 200 2
INFO 2025-06-22 23:21:37,902 basehttp 46080 6234124288 "GET /api/v1/emotions/records/today/ HTTP/1.1" 200 2
INFO 2025-06-22 23:30:04,316 basehttp 46080 6166818816 "GET /api/v1/emotions/records/today/ HTTP/1.1" 200 2
INFO 2025-06-22 23:30:04,316 basehttp 46080 6183645184 "GET /api/v1/emotions/records/recent/ HTTP/1.1" 200 2
INFO 2025-06-22 23:54:16,568 basehttp 46080 6217297920 "GET /api/v1/emotions/records/recent/ HTTP/1.1" 200 2
INFO 2025-06-22 23:54:16,573 basehttp 46080 6200471552 "GET /api/v1/emotions/records/today/ HTTP/1.1" 200 2
INFO 2025-06-23 00:04:14,893 basehttp 46080 6267777024 "GET /api/v1/emotions/records/recent/ HTTP/1.1" 200 2
INFO 2025-06-23 00:04:14,896 basehttp 46080 6234124288 "GET /api/v1/emotions/records/today/ HTTP/1.1" 200 2
INFO 2025-06-23 00:07:59,613 basehttp 46080 6166818816 "OPTIONS /api/v1/ai/analysis/history/?page=1&page_size=10 HTTP/1.1" 200 0
WARNING 2025-06-23 00:07:59,635 log 46080 6166818816 Not Found: /api/v1/ai/analysis/history/
WARNING 2025-06-23 00:07:59,636 basehttp 46080 6166818816 "GET /api/v1/ai/analysis/history/?page=1&page_size=10 HTTP/1.1" 404 9360
INFO 2025-06-23 00:08:38,849 basehttp 46080 6200471552 "GET /api/v1/emotions/records/recent/ HTTP/1.1" 200 2
INFO 2025-06-23 00:08:38,851 basehttp 46080 6183645184 "GET /api/v1/emotions/records/today/ HTTP/1.1" 200 2
INFO 2025-06-23 00:23:57,601 basehttp 46080 6217297920 "OPTIONS /api/v1/emotions/records/today/ HTTP/1.1" 200 0
INFO 2025-06-23 00:23:57,602 basehttp 46080 6234124288 "OPTIONS /api/v1/emotions/records/recent/ HTTP/1.1" 200 0
INFO 2025-06-23 00:23:57,622 basehttp 46080 6234124288 "GET /api/v1/emotions/records/recent/ HTTP/1.1" 200 2
INFO 2025-06-23 00:23:57,623 basehttp 46080 6217297920 "GET /api/v1/emotions/records/today/ HTTP/1.1" 200 2
INFO 2025-06-23 01:20:41,480 autoreload 46080 8676056832 /Volumes/PSSD/情绪日记/backend/emotion_diary_api/urls.py changed, reloading.
INFO 2025-06-23 01:20:42,024 autoreload 49329 8676056832 Watching for file changes with StatReloader
INFO 2025-06-23 01:20:58,470 autoreload 49329 8676056832 /Volumes/PSSD/情绪日记/backend/emotion_diary_api/urls.py changed, reloading.
INFO 2025-06-23 01:20:59,036 autoreload 49333 8676056832 Watching for file changes with StatReloader
