INFO Watching for file changes with StatReloader
INFO [模拟微信登录] 授权码: test_code_123
INFO "POST /api/v1/auth/wechat/login/ HTTP/1.1" 200 466
INFO [模拟微信登录] 授权码: test_code_456
INFO "POST /api/v1/auth/wechat/login/ HTTP/1.1" 200 466
INFO [模拟微信登录] 授权码: mock_code_1750604607101
INFO "POST /api/v1/auth/wechat/login/ HTTP/1.1" 200 478
INFO "GET /api/v1/emotions/records/today/ HTTP/1.1" 200 2
INFO "GET /api/v1/emotions/records/recent/ HTTP/1.1" 200 2
INFO "OPTIONS /api/v1/emotions/statistics/overview/?time_range=week HTTP/1.1" 200 0
INFO "OPTIONS /api/v1/emotions/statistics/distribution/?time_range=week HTTP/1.1" 200 0
INFO "OPTIONS /api/v1/emotions/statistics/trend/?time_range=week HTTP/1.1" 200 0
INFO "OPTIONS /api/v1/emotions/statistics/scenes/?time_range=week HTTP/1.1" 200 0
INFO "OPTIONS /api/v1/emotions/statistics/time-pattern/?time_range=week HTTP/1.1" 200 0
INFO "GET /api/v1/emotions/statistics/scenes/?time_range=week HTTP/1.1" 200 26
INFO "GET /api/v1/emotions/statistics/distribution/?time_range=week HTTP/1.1" 200 26
INFO "GET /api/v1/emotions/statistics/overview/?time_range=week HTTP/1.1" 200 97
INFO "GET /api/v1/emotions/statistics/trend/?time_range=week HTTP/1.1" 200 424
INFO "GET /api/v1/emotions/statistics/time-pattern/?time_range=week HTTP/1.1" 200 408
INFO "GET /api/v1/emotions/records/today/ HTTP/1.1" 200 2
INFO "GET /api/v1/emotions/records/recent/ HTTP/1.1" 200 2
INFO "GET /api/v1/emotions/records/today/ HTTP/1.1" 200 2
INFO "GET /api/v1/emotions/records/recent/ HTTP/1.1" 200 2
INFO "GET /api/v1/emotions/records/recent/ HTTP/1.1" 200 2
INFO "GET /api/v1/emotions/records/today/ HTTP/1.1" 200 2
INFO "GET /api/v1/emotions/records/today/ HTTP/1.1" 200 2
INFO "GET /api/v1/emotions/records/recent/ HTTP/1.1" 200 2
INFO "GET /api/v1/emotions/records/recent/ HTTP/1.1" 200 2
INFO "GET /api/v1/emotions/records/today/ HTTP/1.1" 200 2
INFO "GET /api/v1/emotions/records/recent/ HTTP/1.1" 200 2
INFO "GET /api/v1/emotions/records/today/ HTTP/1.1" 200 2
INFO "OPTIONS /api/v1/ai/analysis/history/?page=1&page_size=10 HTTP/1.1" 200 0
WARNING Not Found: /api/v1/ai/analysis/history/
WARNING "GET /api/v1/ai/analysis/history/?page=1&page_size=10 HTTP/1.1" 404 9360
INFO "GET /api/v1/emotions/records/recent/ HTTP/1.1" 200 2
INFO "GET /api/v1/emotions/records/today/ HTTP/1.1" 200 2
INFO "OPTIONS /api/v1/emotions/records/today/ HTTP/1.1" 200 0
INFO "OPTIONS /api/v1/emotions/records/recent/ HTTP/1.1" 200 0
INFO "GET /api/v1/emotions/records/recent/ HTTP/1.1" 200 2
INFO "GET /api/v1/emotions/records/today/ HTTP/1.1" 200 2
INFO /Volumes/PSSD/情绪日记/backend/emotion_diary_api/urls.py changed, reloading.
Performing system checks...

System check identified no issues (0 silenced).
June 22, 2025 - 23:01:12
Django version 4.2.7, using settings 'emotion_diary_api.settings'
Starting development server at http://127.0.0.1:8000/
Quit the server with CONTROL-C.

INFO Watching for file changes with StatReloader
INFO /Volumes/PSSD/情绪日记/backend/emotion_diary_api/urls.py changed, reloading.
Performing system checks...

System check identified no issues (0 silenced).
INFO Watching for file changes with StatReloader
