
> ai-emotion-diary-frontend@1.0.0 dev:h5
> uni

Please note that in running mode, due to log output, sourcemap, and uncompressed source code, the performance and package size are not as good as release mode.
Compiling...

uni-app 有新版本发布，请执行 `npx @dcloudio/uvm@latest` 更新，更新日志详见：https://download1.dcloud.net.cn/hbuilderx/changelog/4.66.2025051912.html
Compiler version: 3.98（vue3）

  vite v4.3.5 dev server running at:

  ➜  Local:   http://localhost:5173/
  ➜  Network: http://192.168.3.115:5173/

  ready in 981ms.

11:08:41 PM [vite] hmr update /src/pages/statistics/index.vue, /src/pages/statistics/index.vue?vue&type=style&index=0&scoped=e32fc36d&lang.css
11:12:12 PM [vite] hmr update /src/pages/statistics/index.vue?vue&type=style&index=0&scoped=e32fc36d&lang.css
11:12:41 PM [vite] hmr update /src/App.vue, /src/App.vue?vue&type=style&index=0&lang.css
11:12:57 PM [vite] hmr update /src/pages/statistics/index.vue?vue&type=style&index=0&scoped=e32fc36d&lang.css
11:13:15 PM [vite] hmr update /src/pages/statistics/index.vue?vue&type=style&index=0&scoped=e32fc36d&lang.css
11:17:51 PM [vite] hmr update /src/pages/profile/index.vue?vue&type=style&index=0&scoped=f97f9319&lang.css
11:19:10 PM [vite] hmr update /src/pages/profile/index.vue?vue&type=style&index=0&scoped=f97f9319&lang.css
11:25:30 PM [vite] hmr update /src/pages/record/index.vue?vue&type=style&index=0&scoped=e218755a&lang.css
11:38:45 PM [vite] hmr update /src/pages/record/index.vue
11:39:16 PM [vite] hmr update /src/pages/record/index.vue
11:39:35 PM [vite] hmr update /src/pages/record/index.vue
11:39:42 PM [vite] hmr update /src/pages/record/index.vue
11:40:24 PM [vite] hmr update /src/pages/record/index.vue
12:24:52 PM [vite] hmr update /src/pages/analysis/index.vue
12:25:09 PM [vite] hmr update /src/pages/analysis/index.vue
12:25:23 PM [vite] hmr update /src/pages/analysis/index.vue
12:25:44 PM [vite] hmr update /src/pages/analysis/index.vue
12:26:21 PM [vite] hmr update /src/pages/analysis/index.vue
12:26:39 PM [vite] hmr update /src/pages/analysis/index.vue
12:29:09 PM [vite] hmr update /src/pages/login/index.vue, /src/pages/index/index.vue, /src/pages/record/index.vue, /src/pages/analysis/history.vue, /src/pages/profile/edit.vue, /src/pages/analysis/index.vue
12:36:06 PM [vite] hmr update /src/pages/analysis/index.vue
12:36:33 PM [vite] hmr update /src/pages/analysis/index.vue
12:36:47 PM [vite] hmr update /src/pages/analysis/index.vue
12:37:28 PM [vite] hmr update /src/pages/analysis/index.vue
12:37:28 PM [vite] [plugin:vite:vue] [@vue/compiler-sfc] Identifier 'toggleDebug' has already been declared. (701:6)

/Volumes/PSSD/情绪日记/frontend/src/pages/analysis/index.vue
982|  
983|  // 调试方法
984|  const toggleDebug = () => {
   |        ^
985|    showDebug.value = !showDebug.value
986|  }
at pages/analysis/index.vue:701:6
  560|    uni.setClipboardData({
  561|      data: `AI洞察: ${suggestion.content}`,
  562|      success: () => {
     |                   ^
  563|        uni.showToast({
  564|          title: '已复制到剪贴板',
12:37:39 PM [vite] [plugin:vite:vue] [@vue/compiler-sfc] Identifier 'toggleDebug' has already been declared. (701:6)

/Volumes/PSSD/情绪日记/frontend/src/pages/analysis/index.vue
982|  
983|  // 调试方法
984|  const toggleDebug = () => {
   |        ^
985|    showDebug.value = !showDebug.value
986|  }
at pages/analysis/index.vue:701:6
  560|    uni.setClipboardData({
  561|      data: `AI洞察: ${suggestion.content}`,
  562|      success: () => {
     |                   ^
  563|        uni.showToast({
  564|          title: '已复制到剪贴板',
12:37:41 PM [vite] [plugin:vite:vue] [@vue/compiler-sfc] Identifier 'toggleDebug' has already been declared. (701:6)

/Volumes/PSSD/情绪日记/frontend/src/pages/analysis/index.vue
982|  
983|  // 调试方法
984|  const toggleDebug = () => {
   |        ^
985|    showDebug.value = !showDebug.value
986|  }
at pages/analysis/index.vue:701:6
  560|    uni.setClipboardData({
  561|      data: `AI洞察: ${suggestion.content}`,
  562|      success: () => {
     |                   ^
  563|        uni.showToast({
  564|          title: '已复制到剪贴板',
12:37:43 PM [vite] hmr update /src/pages/analysis/index.vue
12:38:11 PM [vite] hmr update /src/pages/analysis/index.vue
12:38:51 PM [vite] hmr update /src/pages/analysis/index.vue?vue&type=style&index=0&scoped=c6aadd33&lang.css
12:39:20 PM [vite] hmr update /src/pages/analysis/index.vue
12:41:54 PM [vite] hmr update /src/pages/analysis/index.vue
12:43:07 PM [vite] hmr update /src/pages/analysis/index.vue
12:43:36 PM [vite] hmr update /src/pages/analysis/index.vue
12:44:11 PM [vite] hmr update /src/pages/analysis/index.vue
12:44:28 PM [vite] hmr update /src/pages/analysis/index.vue
12:44:39 PM [vite] hmr update /src/pages/analysis/index.vue
12:49:10 PM [vite] hmr update /src/pages/analysis/index.vue
12:49:32 PM [vite] hmr update /src/pages/analysis/index.vue
12:52:18 PM [vite] hmr update /src/pages/analysis/index.vue?vue&type=style&index=0&scoped=c6aadd33&lang.css
12:57:13 PM [vite] hmr update /src/pages/analysis/index.vue?vue&type=style&index=0&scoped=c6aadd33&lang.css
12:58:03 PM [vite] hmr update /src/pages/analysis/index.vue?vue&type=style&index=0&scoped=c6aadd33&lang.css
12:58:59 PM [vite] hmr update /src/pages/analysis/index.vue?vue&type=style&index=0&scoped=c6aadd33&lang.css
1:02:49 PM [vite] hmr update /src/pages/analysis/index.vue?vue&type=style&index=0&scoped=c6aadd33&lang.css
1:03:17 PM [vite] hmr update /src/pages/analysis/index.vue?vue&type=style&index=0&scoped=c6aadd33&lang.css
1:03:48 PM [vite] hmr update /src/pages/analysis/index.vue?vue&type=style&index=0&scoped=c6aadd33&lang.css
1:04:16 PM [vite] hmr update /src/pages/analysis/index.vue?vue&type=style&index=0&scoped=c6aadd33&lang.css
1:05:06 PM [vite] hmr update /src/pages/analysis/index.vue?vue&type=style&index=0&scoped=c6aadd33&lang.css
1:09:14 PM [vite] hmr update /src/pages/analysis/index.vue?vue&type=style&index=0&scoped=c6aadd33&lang.css
1:10:31 PM [vite] hmr update /src/pages/analysis/index.vue?vue&type=style&index=0&scoped=c6aadd33&lang.css
1:10:39 PM [vite] hmr update /src/pages/analysis/index.vue?vue&type=style&index=0&scoped=c6aadd33&lang.css
1:11:28 PM [vite] hmr update /src/pages/analysis/index.vue?vue&type=style&index=0&scoped=c6aadd33&lang.css
1:11:45 PM [vite] hmr update /src/pages/analysis/index.vue?vue&type=style&index=0&scoped=c6aadd33&lang.css
1:12:26 PM [vite] hmr update /src/pages/analysis/index.vue?vue&type=style&index=0&scoped=c6aadd33&lang.css
1:13:00 PM [vite] hmr update /src/pages/analysis/index.vue?vue&type=style&index=0&scoped=c6aadd33&lang.css
1:15:58 PM [vite] hmr update /src/pages/analysis/index.vue?vue&type=style&index=0&scoped=c6aadd33&lang.css
1:16:38 PM [vite] hmr update /src/pages/analysis/index.vue?vue&type=style&index=0&scoped=c6aadd33&lang.css
1:17:57 PM [vite] hmr update /src/pages/analysis/index.vue?vue&type=style&index=0&scoped=c6aadd33&lang.css
1:23:03 PM [vite] hmr update /src/pages/analysis/index.vue
1:25:14 PM [vite] hmr update /src/pages/analysis/index.vue
1:25:29 PM [vite] hmr update /src/pages/analysis/index.vue
1:25:56 PM [vite] hmr update /src/pages/analysis/index.vue
1:26:29 PM [vite] hmr update /src/pages/analysis/index.vue?vue&type=style&index=0&scoped=c6aadd33&lang.css
1:26:59 PM [vite] hmr update /src/pages/analysis/index.vue?vue&type=style&index=0&scoped=c6aadd33&lang.css
1:27:33 PM [vite] hmr update /src/pages/analysis/index.vue?vue&type=style&index=0&scoped=c6aadd33&lang.css
1:27:57 PM [vite] hmr update /src/pages/analysis/index.vue?vue&type=style&index=0&scoped=c6aadd33&lang.css
1:33:31 PM [vite] hmr update /src/pages/analysis/index.vue
1:33:52 PM [vite] hmr update /src/pages/analysis/index.vue?vue&type=style&index=0&scoped=c6aadd33&lang.css
1:34:40 PM [vite] hmr update /src/pages/analysis/index.vue?vue&type=style&index=0&scoped=c6aadd33&lang.css
1:35:06 PM [vite] hmr update /src/pages/analysis/index.vue
1:39:55 PM [vite] hmr update /src/pages/analysis/index.vue?vue&type=style&index=0&scoped=c6aadd33&lang.css
1:40:35 PM [vite] hmr update /src/pages/analysis/index.vue?vue&type=style&index=0&scoped=c6aadd33&lang.css
1:41:02 PM [vite] hmr update /src/pages/analysis/index.vue?vue&type=style&index=0&scoped=c6aadd33&lang.css
1:44:58 PM [vite] hmr update /src/pages/analysis/index.vue?vue&type=style&index=0&scoped=c6aadd33&lang.css
1:45:28 PM [vite] hmr update /src/pages/analysis/index.vue?vue&type=style&index=0&scoped=c6aadd33&lang.css
1:45:59 PM [vite] hmr update /src/pages/analysis/index.vue
1:46:33 PM [vite] hmr update /src/pages/analysis/index.vue
1:46:57 PM [vite] hmr update /src/pages/analysis/index.vue
1:49:34 PM [vite] hmr update /src/pages/analysis/index.vue
1:51:26 PM [vite] hmr update /src/pages/analysis/index.vue?vue&type=style&index=0&scoped=c6aadd33&lang.css
1:52:29 PM [vite] hmr update /src/pages/analysis/index.vue?vue&type=style&index=0&scoped=c6aadd33&lang.css
1:52:29 PM [vite] [plugin:vite:css] [postcss] /Volumes/PSSD/情绪日记/frontend/src/pages/analysis/index.vue?vue&type=style&index=0&scoped=c6aadd33&lang.css:2258:193: Unknown word analysisData.trends.weeklyAverage
at pages/analysis/index.vue:3446:193
  2256|              <view class="trend-metrics" style="display: flex; gap: 15rpx;">
  2257|                <view class="metric-card" style="flex: 1; background: rgba(255, 255, 255, 0.6); border: 1px solid rgba(255, 255, 255, 0.8); border-radius: 12rpx; padding: 15rpx; text-align: center;">
  2258|                  <text class="metric-value" style="color: #1a202c; font-weight: 800; font-size: 30rpx; text-shadow: 0 1px 2px rgba(255, 255, 255, 0.8); display: block; margin-bottom: 5rpx;">{{ analysisData.trends.weeklyAverage }}</text>
     |                                                                                                                                                                                                   ^
  2259|                  <text class="metric-label" style="color: #4a5568; font-weight: 600; font-size: 20rpx; text-shadow: 0 1px 2px rgba(255, 255, 255, 0.8);">周平均</text>
  2260|                </view>
1:52:29 PM [vite] [plugin:vite:css] [postcss] /Volumes/PSSD/情绪日记/frontend/src/pages/analysis/index.vue?vue&type=style&index=0&scoped=c6aadd33&lang.css:2258:193: Unknown word analysisData.trends.weeklyAverage
at pages/analysis/index.vue:3446:193
  2256|              <view class="trend-metrics" style="display: flex; gap: 15rpx;">
  2257|                <view class="metric-card" style="flex: 1; background: rgba(255, 255, 255, 0.6); border: 1px solid rgba(255, 255, 255, 0.8); border-radius: 12rpx; padding: 15rpx; text-align: center;">
  2258|                  <text class="metric-value" style="color: #1a202c; font-weight: 800; font-size: 30rpx; text-shadow: 0 1px 2px rgba(255, 255, 255, 0.8); display: block; margin-bottom: 5rpx;">{{ analysisData.trends.weeklyAverage }}</text>
     |                                                                                                                                                                                                   ^
  2259|                  <text class="metric-label" style="color: #4a5568; font-weight: 600; font-size: 20rpx; text-shadow: 0 1px 2px rgba(255, 255, 255, 0.8);">周平均</text>
  2260|                </view>
1:53:07 PM [vite] hmr update /src/pages/analysis/index.vue?vue&type=style&index=0&scoped=c6aadd33&lang.css
1:53:07 PM [vite] [plugin:vite:css] [postcss] /Volumes/PSSD/情绪日记/frontend/src/pages/analysis/index.vue?vue&type=style&index=0&scoped=c6aadd33&lang.css:2470:193: Unknown word analysisData.trends.weeklyAverage
at pages/analysis/index.vue:3658:193
  2468|              <view class="trend-metrics" style="display: flex; gap: 15rpx;">
  2469|                <view class="metric-card" style="flex: 1; background: rgba(255, 255, 255, 0.6); border: 1px solid rgba(255, 255, 255, 0.8); border-radius: 12rpx; padding: 15rpx; text-align: center;">
  2470|                  <text class="metric-value" style="color: #1a202c; font-weight: 800; font-size: 30rpx; text-shadow: 0 1px 2px rgba(255, 255, 255, 0.8); display: block; margin-bottom: 5rpx;">{{ analysisData.trends.weeklyAverage }}</text>
     |                                                                                                                                                                                                   ^
  2471|                  <text class="metric-label" style="color: #4a5568; font-weight: 600; font-size: 20rpx; text-shadow: 0 1px 2px rgba(255, 255, 255, 0.8);">周平均</text>
  2472|                </view>
1:53:07 PM [vite] [plugin:vite:css] [postcss] /Volumes/PSSD/情绪日记/frontend/src/pages/analysis/index.vue?vue&type=style&index=0&scoped=c6aadd33&lang.css:2470:193: Unknown word analysisData.trends.weeklyAverage
at pages/analysis/index.vue:3658:193
  2468|              <view class="trend-metrics" style="display: flex; gap: 15rpx;">
  2469|                <view class="metric-card" style="flex: 1; background: rgba(255, 255, 255, 0.6); border: 1px solid rgba(255, 255, 255, 0.8); border-radius: 12rpx; padding: 15rpx; text-align: center;">
  2470|                  <text class="metric-value" style="color: #1a202c; font-weight: 800; font-size: 30rpx; text-shadow: 0 1px 2px rgba(255, 255, 255, 0.8); display: block; margin-bottom: 5rpx;">{{ analysisData.trends.weeklyAverage }}</text>
     |                                                                                                                                                                                                   ^
  2471|                  <text class="metric-label" style="color: #4a5568; font-weight: 600; font-size: 20rpx; text-shadow: 0 1px 2px rgba(255, 255, 255, 0.8);">周平均</text>
  2472|                </view>
1:53:23 PM [vite] hmr update /src/pages/analysis/index.vue, /src/pages/analysis/index.vue?vue&type=style&index=0&scoped=c6aadd33&lang.css
1:53:23 PM [vite] [plugin:vite:css] [postcss] /Volumes/PSSD/情绪日记/frontend/src/pages/analysis/index.vue?vue&type=style&index=0&scoped=c6aadd33&lang.css:2470:193: Unknown word analysisData.trends.weeklyAverage
at pages/analysis/index.vue:3658:193
  2468|              <view class="trend-metrics" style="display: flex; gap: 15rpx;">
  2469|                <view class="metric-card" style="flex: 1; background: rgba(255, 255, 255, 0.6); border: 1px solid rgba(255, 255, 255, 0.8); border-radius: 12rpx; padding: 15rpx; text-align: center;">
  2470|                  <text class="metric-value" style="color: #1a202c; font-weight: 800; font-size: 30rpx; text-shadow: 0 1px 2px rgba(255, 255, 255, 0.8); display: block; margin-bottom: 5rpx;">{{ analysisData.trends.weeklyAverage }}</text>
     |                                                                                                                                                                                                   ^
  2471|                  <text class="metric-label" style="color: #4a5568; font-weight: 600; font-size: 20rpx; text-shadow: 0 1px 2px rgba(255, 255, 255, 0.8);">周平均</text>
  2472|                </view>
1:53:23 PM [vite] [plugin:vite:css] [postcss] /Volumes/PSSD/情绪日记/frontend/src/pages/analysis/index.vue?vue&type=style&index=0&scoped=c6aadd33&lang.css:2470:193: Unknown word analysisData.trends.weeklyAverage
at pages/analysis/index.vue:3658:193
  2468|              <view class="trend-metrics" style="display: flex; gap: 15rpx;">
  2469|                <view class="metric-card" style="flex: 1; background: rgba(255, 255, 255, 0.6); border: 1px solid rgba(255, 255, 255, 0.8); border-radius: 12rpx; padding: 15rpx; text-align: center;">
  2470|                  <text class="metric-value" style="color: #1a202c; font-weight: 800; font-size: 30rpx; text-shadow: 0 1px 2px rgba(255, 255, 255, 0.8); display: block; margin-bottom: 5rpx;">{{ analysisData.trends.weeklyAverage }}</text>
     |                                                                                                                                                                                                   ^
  2471|                  <text class="metric-label" style="color: #4a5568; font-weight: 600; font-size: 20rpx; text-shadow: 0 1px 2px rgba(255, 255, 255, 0.8);">周平均</text>
  2472|                </view>
1:58:18 PM [vite] hmr update /src/pages/analysis/index.vue, /src/pages/analysis/index.vue?vue&type=style&index=0&scoped=c6aadd33&lang.css
1:58:18 PM [vite] [plugin:vite:css] [postcss] /Volumes/PSSD/情绪日记/frontend/src/pages/analysis/index.vue?vue&type=style&index=0&scoped=c6aadd33&lang.css:2470:193: Unknown word analysisData.trends.weeklyAverage
at pages/analysis/index.vue:3658:193
  2468|              <view class="trend-metrics" style="display: flex; gap: 15rpx;">
  2469|                <view class="metric-card" style="flex: 1; background: rgba(255, 255, 255, 0.6); border: 1px solid rgba(255, 255, 255, 0.8); border-radius: 12rpx; padding: 15rpx; text-align: center;">
  2470|                  <text class="metric-value" style="color: #1a202c; font-weight: 800; font-size: 30rpx; text-shadow: 0 1px 2px rgba(255, 255, 255, 0.8); display: block; margin-bottom: 5rpx;">{{ analysisData.trends.weeklyAverage }}</text>
     |                                                                                                                                                                                                   ^
  2471|                  <text class="metric-label" style="color: #4a5568; font-weight: 600; font-size: 20rpx; text-shadow: 0 1px 2px rgba(255, 255, 255, 0.8);">周平均</text>
  2472|                </view>
1:58:19 PM [vite] [plugin:vite:css] [postcss] /Volumes/PSSD/情绪日记/frontend/src/pages/analysis/index.vue?vue&type=style&index=0&scoped=c6aadd33&lang.css:2470:193: Unknown word analysisData.trends.weeklyAverage
at pages/analysis/index.vue:3658:193
  2468|              <view class="trend-metrics" style="display: flex; gap: 15rpx;">
  2469|                <view class="metric-card" style="flex: 1; background: rgba(255, 255, 255, 0.6); border: 1px solid rgba(255, 255, 255, 0.8); border-radius: 12rpx; padding: 15rpx; text-align: center;">
  2470|                  <text class="metric-value" style="color: #1a202c; font-weight: 800; font-size: 30rpx; text-shadow: 0 1px 2px rgba(255, 255, 255, 0.8); display: block; margin-bottom: 5rpx;">{{ analysisData.trends.weeklyAverage }}</text>
     |                                                                                                                                                                                                   ^
  2471|                  <text class="metric-label" style="color: #4a5568; font-weight: 600; font-size: 20rpx; text-shadow: 0 1px 2px rgba(255, 255, 255, 0.8);">周平均</text>
  2472|                </view>
1:58:19 PM [vite] [plugin:vite:vue] At least one <template> or <script> is required in a single file component.
at pages/analysis/index.vue:1:0
1:58:19 PM [vite] [plugin:vite:vue] At least one <template> or <script> is required in a single file component.
at pages/analysis/index.vue:1:0
1:58:22 PM [vite] hmr update /src/pages/analysis/index.vue, /src/pages/analysis/index.vue?vue&type=style&index=0&scoped=c6aadd33&lang.css
2:03:24 PM [vite] hmr update /src/pages/analysis/index.vue, /src/pages/analysis/index.vue?vue&type=style&index=0&scoped=c6aadd33&lang.css
2:08:36 PM [vite] hmr update /src/pages/statistics/index.vue?vue&type=style&index=0&scoped=e32fc36d&lang.css
2:09:19 PM [vite] hmr update /src/pages/statistics/index.vue?vue&type=style&index=0&scoped=e32fc36d&lang.css
2:10:03 PM [vite] hmr update /src/pages/record/index.vue?vue&type=style&index=0&scoped=e218755a&lang.css
2:11:02 PM [vite] hmr update /src/pages/profile/index.vue?vue&type=style&index=0&scoped=f97f9319&lang.css

欢迎将web站点部署到uniCloud前端网页托管平台，高速、免费、安全、省心，详见：https://uniapp.dcloud.io/uniCloud/hosting
