2025-06-22 20:32:14 - 脚本启动 - 命令: help
2025-06-22 20:32:19 - 脚本启动 - 命令: status
2025-06-22 20:33:32 - 脚本启动 - 命令: status
2025-06-22 20:37:58 - 脚本启动 - 命令: status
2025-06-22 20:45:53 - 脚本启动 - 命令: restart
2025-06-22 20:45:53 - 正在停止 前端服务...
2025-06-22 20:45:54 - 发现 前端服务 进程 (PID: 39786)，正在终止...
2025-06-22 20:45:55 - 正在停止 后端服务...
2025-06-22 20:45:55 - 发现 后端服务 进程 (PID: 41232)，正在终止...
2025-06-22 20:45:59 - 正在停止 后端服务...
2025-06-22 20:45:59 - 发现 后端服务 进程 (PID: 41233)，正在终止...
2025-06-22 20:46:02 - 正在启动后端服务...
2025-06-22 20:46:02 - 激活虚拟环境...
2025-06-22 20:46:05 - 后端服务启动成功 - PID: 42226
2025-06-22 20:46:07 - 正在启动前端服务...
2025-06-22 20:46:12 - 前端服务启动成功 - PID: 42240
2025-06-22 20:49:49 - 脚本启动 - 命令: restart
2025-06-22 20:49:49 - 正在停止 前端服务...
2025-06-22 20:49:49 - 发现 前端服务 进程 (PID: 42257)，正在终止...
2025-06-22 20:49:51 - 正在停止 后端服务...
2025-06-22 20:49:51 - 发现 后端服务 进程 (PID: 42228)，正在终止...
2025-06-22 20:49:55 - 正在启动后端服务...
2025-06-22 20:49:55 - 激活虚拟环境...
2025-06-22 20:49:58 - 后端服务启动成功 - PID: 42456
2025-06-22 20:50:00 - 正在启动前端服务...
2025-06-22 20:50:05 - 前端服务启动成功 - PID: 42467
2025-06-22 21:33:46 - 脚本启动 - 命令: 
2025-06-22 21:47:46 - 脚本启动 - 命令: start
2025-06-22 21:47:46 - 正在停止 后端服务...
2025-06-22 21:47:46 - 发现 后端服务 进程 (PID: 42460)，正在终止...
2025-06-22 21:47:49 - 正在停止 前端服务...
2025-06-22 21:47:49 - 发现 前端服务 进程 (PID: 42486)，正在终止...
2025-06-22 21:47:52 - 正在启动后端服务...
2025-06-22 21:47:52 - 激活虚拟环境...
2025-06-22 21:47:55 - 后端服务启动成功 - PID: 44133
2025-06-22 21:47:57 - 正在启动前端服务...
2025-06-22 21:48:02 - 前端服务启动成功 - PID: 44162
2025-06-22 22:08:26 - 脚本启动 - 命令: start
2025-06-22 22:08:26 - 正在停止 后端服务...
2025-06-22 22:08:26 - 发现 后端服务 进程 (PID: 44721)，正在终止...
2025-06-22 22:08:29 - 正在停止 前端服务...
2025-06-22 22:08:29 - 发现 前端服务 进程 (PID: 44179)，正在终止...
2025-06-22 22:08:32 - 正在启动后端服务...
2025-06-22 22:08:32 - 激活虚拟环境...
2025-06-22 22:08:36 - 后端服务启动成功 - PID: 44853
2025-06-22 22:08:38 - 正在启动前端服务...
2025-06-22 22:08:43 - 前端服务启动成功 - PID: 44866
2025-06-22 23:00:26 - 脚本启动 - 命令: logs backend
2025-06-22 23:01:06 - 脚本启动 - 命令: restart
2025-06-22 23:01:06 - 正在停止 前端服务...
2025-06-22 23:01:06 - 发现 前端服务 进程 (PID: 44883)，正在终止...
2025-06-22 23:01:07 - 正在停止 后端服务...
2025-06-22 23:01:07 - 发现 后端服务 进程 (PID: 46039)，正在终止...
2025-06-22 23:01:11 - 正在启动后端服务...
2025-06-22 23:01:11 - 激活虚拟环境...
2025-06-22 23:01:14 - 后端服务启动成功 - PID: 46076
2025-06-22 23:01:16 - 正在启动前端服务...
2025-06-22 23:01:21 - 前端服务启动成功 - PID: 46089
2025-06-22 23:04:13 - 脚本启动 - 命令: status
2025-06-22 23:13:22 - 脚本启动 - 命令: status
2025-06-22 23:17:25 - 脚本启动 - 命令: status
2025-06-22 23:37:06 - 脚本启动 - 命令: --help
2025-06-22 23:37:20 - 脚本启动 - 命令: status
2025-06-22 23:40:37 - 脚本启动 - 命令: status
2025-06-23 00:13:28 - 脚本启动 - 命令: status
